<?xml version="1.0" encoding="UTF-8"?>
<coverage generated="1628821875204" clover="3.2.0">
  <project timestamp="1628821875204" name="All files">
    <metrics statements="15" coveredstatements="14" conditionals="9" coveredconditionals="8" methods="1" coveredmethods="1" elements="25" coveredelements="23" complexity="0" loc="15" ncloc="15" packages="1" files="1" classes="1"/>
    <file name="createTrainer.ts" path="C:\Users\MATTH\git\backend\src\trainer\createTrainerFn\createTrainer.ts">
      <metrics statements="15" coveredstatements="14" conditionals="9" coveredconditionals="8" methods="1" coveredmethods="1"/>
      <line num="5" count="1" type="stmt"/>
      <line num="24" count="5" type="cond" truecount="2" falsecount="0"/>
      <line num="25" count="1" type="stmt"/>
      <line num="35" count="4" type="stmt"/>
      <line num="38" count="4" type="cond" truecount="2" falsecount="0"/>
      <line num="43" count="1" type="stmt"/>
      <line num="54" count="3" type="stmt"/>
      <line num="61" count="3" type="stmt"/>
      <line num="62" count="3" type="stmt"/>
      <line num="63" count="1" type="stmt"/>
      <line num="66" count="2" type="stmt"/>
      <line num="68" count="2" type="cond" truecount="1" falsecount="1"/>
      <line num="69" count="0" type="stmt"/>
      <line num="71" count="2" type="stmt"/>
      <line num="73" count="2" type="stmt"/>
    </file>
  </project>
</coverage>
