{"C:\\Users\\MATTH\\git\\backend\\src\\trainer\\createTrainerFn\\createTrainer.ts": {"path":"C:\\Users\\MATTH\\git\\backend\\src\\trainer\\createTrainerFn\\createTrainer.ts","statementMap":{"0":{"start":{"line":5,"column":2},"end":{"line":6,"column":36}},"1":{"start":{"line":24,"column":2},"end":{"line":34,"column":3}},"2":{"start":{"line":25,"column":4},"end":{"line":33,"column":7}},"3":{"start":{"line":35,"column":33},"end":{"line":35,"column":55}},"4":{"start":{"line":38,"column":2},"end":{"line":51,"column":3}},"5":{"start":{"line":43,"column":4},"end":{"line":50,"column":7}},"6":{"start":{"line":54,"column":22},"end":{"line":58,"column":3}},"7":{"start":{"line":61,"column":2},"end":{"line":77,"column":3}},"8":{"start":{"line":62,"column":4},"end":{"line":62,"column":48}},"9":{"start":{"line":63,"column":4},"end":{"line":63,"column":43}},"10":{"start":{"line":66,"column":4},"end":{"line":66,"column":21}},"11":{"start":{"line":68,"column":4},"end":{"line":72,"column":5}},"12":{"start":{"line":69,"column":6},"end":{"line":69,"column":32}},"13":{"start":{"line":71,"column":6},"end":{"line":71,"column":38}},"14":{"start":{"line":73,"column":4},"end":{"line":76,"column":7}}},"fnMap":{"0":{"name":"handler","decl":{"start":{"line":22,"column":30},"end":{"line":22,"column":37}},"loc":{"start":{"line":22,"column":67},"end":{"line":79,"column":1}},"line":22}},"branchMap":{"0":{"loc":{"start":{"line":24,"column":2},"end":{"line":34,"column":3}},"type":"if","locations":[{"start":{"line":24,"column":2},"end":{"line":34,"column":3}},{"start":{"line":24,"column":2},"end":{"line":34,"column":3}}],"line":24},"1":{"loc":{"start":{"line":38,"column":2},"end":{"line":51,"column":3}},"type":"if","locations":[{"start":{"line":38,"column":2},"end":{"line":51,"column":3}},{"start":{"line":38,"column":2},"end":{"line":51,"column":3}}],"line":38},"2":{"loc":{"start":{"line":39,"column":4},"end":{"line":41,"column":42}},"type":"binary-expr","locations":[{"start":{"line":39,"column":4},"end":{"line":39,"column":36}},{"start":{"line":40,"column":4},"end":{"line":40,"column":43}},{"start":{"line":41,"column":4},"end":{"line":41,"column":42}}],"line":39},"3":{"loc":{"start":{"line":68,"column":4},"end":{"line":72,"column":5}},"type":"if","locations":[{"start":{"line":68,"column":4},"end":{"line":72,"column":5}},{"start":{"line":68,"column":4},"end":{"line":72,"column":5}}],"line":68}},"s":{"0":1,"1":5,"2":1,"3":4,"4":4,"5":1,"6":3,"7":3,"8":3,"9":1,"10":2,"11":2,"12":0,"13":2,"14":2},"f":{"0":5},"b":{"0":[1,4],"1":[1,3],"2":[4,3,3],"3":[0,2]},"_coverageSchema":"1a1c01bbd47fc00a2c39e90264f33305004495a9","hash":"7462f1c4dea21d225f1b30dc88422343cb6ee2ca"}
}
