{"C:\\Users\\MATTH\\git\\backend\\src\\batch\\confirmBatchFn\\confirmBatch.ts": {"path":"C:\\Users\\MATTH\\git\\backend\\src\\batch\\confirmBatchFn\\confirmBatch.ts","statementMap":{"0":{"start":{"line":10,"column":23},"end":{"line":10,"column":77}},"1":{"start":{"line":12,"column":2},"end":{"line":12,"column":86}},"2":{"start":{"line":13,"column":27},"end":{"line":13,"column":75}},"3":{"start":{"line":15,"column":2},"end":{"line":15,"column":65}},"4":{"start":{"line":18,"column":24},"end":{"line":22,"column":1}},"5":{"start":{"line":32,"column":2},"end":{"line":37,"column":3}},"6":{"start":{"line":33,"column":4},"end":{"line":36,"column":6}},"7":{"start":{"line":38,"column":18},"end":{"line":38,"column":46}},"8":{"start":{"line":41,"column":14},"end":{"line":41,"column":64}},"9":{"start":{"line":42,"column":20},"end":{"line":42,"column":41}},"10":{"start":{"line":43,"column":23},"end":{"line":43,"column":47}},"11":{"start":{"line":44,"column":20},"end":{"line":44,"column":41}},"12":{"start":{"line":45,"column":20},"end":{"line":45,"column":41}},"13":{"start":{"line":47,"column":2},"end":{"line":115,"column":3}},"14":{"start":{"line":49,"column":4},"end":{"line":49,"column":54}},"15":{"start":{"line":53,"column":26},"end":{"line":55,"column":6}},"16":{"start":{"line":56,"column":25},"end":{"line":56,"column":52}},"17":{"start":{"line":59,"column":29},"end":{"line":61,"column":6}},"18":{"start":{"line":62,"column":23},"end":{"line":62,"column":62}},"19":{"start":{"line":67,"column":26},"end":{"line":71,"column":5}},"20":{"start":{"line":72,"column":4},"end":{"line":77,"column":5}},"21":{"start":{"line":73,"column":6},"end":{"line":73,"column":62}},"22":{"start":{"line":74,"column":6},"end":{"line":74,"column":60}},"23":{"start":{"line":76,"column":6},"end":{"line":76,"column":59}},"24":{"start":{"line":85,"column":42},"end":{"line":104,"column":5}},"25":{"start":{"line":105,"column":4},"end":{"line":110,"column":5}},"26":{"start":{"line":106,"column":6},"end":{"line":106,"column":57}},"27":{"start":{"line":107,"column":6},"end":{"line":107,"column":58}},"28":{"start":{"line":109,"column":6},"end":{"line":109,"column":55}},"29":{"start":{"line":112,"column":4},"end":{"line":112,"column":47}},"30":{"start":{"line":114,"column":4},"end":{"line":114,"column":65}}},"fnMap":{"0":{"name":"handler","decl":{"start":{"line":30,"column":30},"end":{"line":30,"column":37}},"loc":{"start":{"line":30,"column":67},"end":{"line":116,"column":1}},"line":30}},"branchMap":{"0":{"loc":{"start":{"line":32,"column":2},"end":{"line":37,"column":3}},"type":"if","locations":[{"start":{"line":32,"column":2},"end":{"line":37,"column":3}},{"start":{"line":32,"column":2},"end":{"line":37,"column":3}}],"line":32},"1":{"loc":{"start":{"line":32,"column":6},"end":{"line":32,"column":60}},"type":"binary-expr","locations":[{"start":{"line":32,"column":6},"end":{"line":32,"column":27}},{"start":{"line":32,"column":31},"end":{"line":32,"column":60}}],"line":32},"2":{"loc":{"start":{"line":47,"column":2},"end":{"line":115,"column":3}},"type":"if","locations":[{"start":{"line":47,"column":2},"end":{"line":115,"column":3}},{"start":{"line":47,"column":2},"end":{"line":115,"column":3}}],"line":47},"3":{"loc":{"start":{"line":47,"column":6},"end":{"line":47,"column":28}},"type":"binary-expr","locations":[{"start":{"line":47,"column":6},"end":{"line":47,"column":14}},{"start":{"line":47,"column":18},"end":{"line":47,"column":28}}],"line":47}},"s":{"0":1,"1":1,"2":1,"3":1,"4":1,"5":10,"6":4,"7":6,"8":6,"9":6,"10":6,"11":6,"12":6,"13":6,"14":5,"15":5,"16":5,"17":5,"18":5,"19":5,"20":5,"21":5,"22":4,"23":1,"24":5,"25":5,"26":5,"27":4,"28":1,"29":5,"30":1},"f":{"0":10},"b":{"0":[4,6],"1":[10,7],"2":[5,1],"3":[6,6]},"_coverageSchema":"1a1c01bbd47fc00a2c39e90264f33305004495a9","hash":"59981b18e439ba13ab938eaba49a3104ec53039d"}
,"C:\\Users\\MATTH\\git\\backend\\src\\batch\\createBatchFn\\createBatch.ts": {"path":"C:\\Users\\MATTH\\git\\backend\\src\\batch\\createBatchFn\\createBatch.ts","statementMap":{"0":{"start":{"line":7,"column":2},"end":{"line":9,"column":48}},"1":{"start":{"line":30,"column":2},"end":{"line":43,"column":3}},"2":{"start":{"line":31,"column":4},"end":{"line":42,"column":7}},"3":{"start":{"line":44,"column":31},"end":{"line":44,"column":53}},"4":{"start":{"line":47,"column":20},"end":{"line":54,"column":3}},"5":{"start":{"line":57,"column":2},"end":{"line":76,"column":3}},"6":{"start":{"line":65,"column":4},"end":{"line":75,"column":7}},"7":{"start":{"line":79,"column":2},"end":{"line":93,"column":3}},"8":{"start":{"line":80,"column":16},"end":{"line":80,"column":51}},"9":{"start":{"line":81,"column":4},"end":{"line":81,"column":43}},"10":{"start":{"line":84,"column":4},"end":{"line":88,"column":5}},"11":{"start":{"line":85,"column":6},"end":{"line":85,"column":32}},"12":{"start":{"line":87,"column":6},"end":{"line":87,"column":38}},"13":{"start":{"line":89,"column":4},"end":{"line":92,"column":7}}},"fnMap":{"0":{"name":"handler","decl":{"start":{"line":28,"column":30},"end":{"line":28,"column":37}},"loc":{"start":{"line":28,"column":67},"end":{"line":94,"column":1}},"line":28}},"branchMap":{"0":{"loc":{"start":{"line":30,"column":2},"end":{"line":43,"column":3}},"type":"if","locations":[{"start":{"line":30,"column":2},"end":{"line":43,"column":3}},{"start":{"line":30,"column":2},"end":{"line":43,"column":3}}],"line":30},"1":{"loc":{"start":{"line":57,"column":2},"end":{"line":76,"column":3}},"type":"if","locations":[{"start":{"line":57,"column":2},"end":{"line":76,"column":3}},{"start":{"line":57,"column":2},"end":{"line":76,"column":3}}],"line":57},"2":{"loc":{"start":{"line":58,"column":4},"end":{"line":63,"column":72}},"type":"binary-expr","locations":[{"start":{"line":58,"column":4},"end":{"line":58,"column":38}},{"start":{"line":59,"column":4},"end":{"line":59,"column":41}},{"start":{"line":60,"column":4},"end":{"line":60,"column":36}},{"start":{"line":61,"column":4},"end":{"line":61,"column":38}},{"start":{"line":62,"column":5},"end":{"line":62,"column":39}},{"start":{"line":62,"column":43},"end":{"line":62,"column":73}},{"start":{"line":63,"column":5},"end":{"line":63,"column":38}},{"start":{"line":63,"column":42},"end":{"line":63,"column":71}}],"line":58},"3":{"loc":{"start":{"line":84,"column":4},"end":{"line":88,"column":5}},"type":"if","locations":[{"start":{"line":84,"column":4},"end":{"line":88,"column":5}},{"start":{"line":84,"column":4},"end":{"line":88,"column":5}}],"line":84}},"s":{"0":1,"1":5,"2":1,"3":4,"4":4,"5":4,"6":1,"7":3,"8":3,"9":1,"10":2,"11":1,"12":1,"13":2},"f":{"0":5},"b":{"0":[1,4],"1":[1,3],"2":[4,3,3,3,3,0,3,0],"3":[1,1]},"_coverageSchema":"1a1c01bbd47fc00a2c39e90264f33305004495a9","hash":"9f4853c4380d06347950bac481fe39ccee1bb4e6"}
,"C:\\Users\\MATTH\\git\\backend\\src\\batch\\getAllBatchesFn\\getAllBatches.ts": {"path":"C:\\Users\\MATTH\\git\\backend\\src\\batch\\getAllBatchesFn\\getAllBatches.ts","statementMap":{"0":{"start":{"line":5,"column":13},"end":{"line":5,"column":34}},"1":{"start":{"line":16,"column":2},"end":{"line":30,"column":3}},"2":{"start":{"line":17,"column":4},"end":{"line":17,"column":35}},"3":{"start":{"line":18,"column":4},"end":{"line":18,"column":43}},"4":{"start":{"line":21,"column":4},"end":{"line":25,"column":5}},"5":{"start":{"line":22,"column":6},"end":{"line":22,"column":32}},"6":{"start":{"line":24,"column":6},"end":{"line":24,"column":38}},"7":{"start":{"line":26,"column":4},"end":{"line":29,"column":7}}},"fnMap":{"0":{"name":"handler","decl":{"start":{"line":13,"column":30},"end":{"line":13,"column":37}},"loc":{"start":{"line":13,"column":40},"end":{"line":31,"column":1}},"line":13}},"branchMap":{"0":{"loc":{"start":{"line":21,"column":4},"end":{"line":25,"column":5}},"type":"if","locations":[{"start":{"line":21,"column":4},"end":{"line":25,"column":5}},{"start":{"line":21,"column":4},"end":{"line":25,"column":5}}],"line":21}},"s":{"0":1,"1":3,"2":3,"3":1,"4":2,"5":1,"6":1,"7":2},"f":{"0":3},"b":{"0":[1,1]},"_coverageSchema":"1a1c01bbd47fc00a2c39e90264f33305004495a9","hash":"b6a81d470c3a9ea3192f739f3918386c90b02702"}
,"C:\\Users\\MATTH\\git\\backend\\src\\batch\\getBatchByIdFn\\getBatchById.ts": {"path":"C:\\Users\\MATTH\\git\\backend\\src\\batch\\getBatchByIdFn\\getBatchById.ts","statementMap":{"0":{"start":{"line":6,"column":13},"end":{"line":6,"column":55}},"1":{"start":{"line":16,"column":2},"end":{"line":21,"column":3}},"2":{"start":{"line":17,"column":4},"end":{"line":20,"column":6}},"3":{"start":{"line":22,"column":15},"end":{"line":22,"column":45}},"4":{"start":{"line":25,"column":29},"end":{"line":25,"column":67}},"5":{"start":{"line":26,"column":2},"end":{"line":31,"column":3}},"6":{"start":{"line":27,"column":4},"end":{"line":30,"column":6}},"7":{"start":{"line":34,"column":2},"end":{"line":48,"column":3}},"8":{"start":{"line":35,"column":16},"end":{"line":35,"column":46}},"9":{"start":{"line":36,"column":4},"end":{"line":36,"column":43}},"10":{"start":{"line":39,"column":4},"end":{"line":43,"column":5}},"11":{"start":{"line":40,"column":6},"end":{"line":40,"column":32}},"12":{"start":{"line":42,"column":6},"end":{"line":42,"column":38}},"13":{"start":{"line":44,"column":4},"end":{"line":47,"column":7}}},"fnMap":{"0":{"name":"handler","decl":{"start":{"line":14,"column":30},"end":{"line":14,"column":37}},"loc":{"start":{"line":14,"column":67},"end":{"line":49,"column":1}},"line":14}},"branchMap":{"0":{"loc":{"start":{"line":16,"column":2},"end":{"line":21,"column":3}},"type":"if","locations":[{"start":{"line":16,"column":2},"end":{"line":21,"column":3}},{"start":{"line":16,"column":2},"end":{"line":21,"column":3}}],"line":16},"1":{"loc":{"start":{"line":16,"column":6},"end":{"line":16,"column":60}},"type":"binary-expr","locations":[{"start":{"line":16,"column":6},"end":{"line":16,"column":27}},{"start":{"line":16,"column":31},"end":{"line":16,"column":60}}],"line":16},"2":{"loc":{"start":{"line":26,"column":2},"end":{"line":31,"column":3}},"type":"if","locations":[{"start":{"line":26,"column":2},"end":{"line":31,"column":3}},{"start":{"line":26,"column":2},"end":{"line":31,"column":3}}],"line":26},"3":{"loc":{"start":{"line":39,"column":4},"end":{"line":43,"column":5}},"type":"if","locations":[{"start":{"line":39,"column":4},"end":{"line":43,"column":5}},{"start":{"line":39,"column":4},"end":{"line":43,"column":5}}],"line":39}},"s":{"0":1,"1":5,"2":1,"3":4,"4":4,"5":4,"6":1,"7":3,"8":3,"9":1,"10":2,"11":1,"12":1,"13":2},"f":{"0":5},"b":{"0":[1,4],"1":[5,4],"2":[1,3],"3":[1,1]},"_coverageSchema":"1a1c01bbd47fc00a2c39e90264f33305004495a9","hash":"1b6fc77c0bcc99b77e7efbe1558e7b744b09e84a"}
,"C:\\Users\\MATTH\\git\\backend\\src\\batch\\getBatchesByCurriculumFn\\getBatchesByCurriculum.ts": {"path":"C:\\Users\\MATTH\\git\\backend\\src\\batch\\getBatchesByCurriculumFn\\getBatchesByCurriculum.ts","statementMap":{"0":{"start":{"line":6,"column":13},"end":{"line":6,"column":60}},"1":{"start":{"line":17,"column":2},"end":{"line":22,"column":3}},"2":{"start":{"line":18,"column":4},"end":{"line":21,"column":6}},"3":{"start":{"line":23,"column":23},"end":{"line":23,"column":56}},"4":{"start":{"line":26,"column":2},"end":{"line":31,"column":3}},"5":{"start":{"line":27,"column":4},"end":{"line":30,"column":6}},"6":{"start":{"line":33,"column":15},"end":{"line":33,"column":29}},"7":{"start":{"line":35,"column":2},"end":{"line":49,"column":3}},"8":{"start":{"line":36,"column":16},"end":{"line":36,"column":46}},"9":{"start":{"line":37,"column":4},"end":{"line":37,"column":43}},"10":{"start":{"line":40,"column":4},"end":{"line":44,"column":5}},"11":{"start":{"line":41,"column":6},"end":{"line":41,"column":32}},"12":{"start":{"line":43,"column":6},"end":{"line":43,"column":38}},"13":{"start":{"line":45,"column":4},"end":{"line":48,"column":7}}},"fnMap":{"0":{"name":"handler","decl":{"start":{"line":14,"column":30},"end":{"line":14,"column":37}},"loc":{"start":{"line":14,"column":67},"end":{"line":50,"column":1}},"line":14}},"branchMap":{"0":{"loc":{"start":{"line":17,"column":2},"end":{"line":22,"column":3}},"type":"if","locations":[{"start":{"line":17,"column":2},"end":{"line":22,"column":3}},{"start":{"line":17,"column":2},"end":{"line":22,"column":3}}],"line":17},"1":{"loc":{"start":{"line":17,"column":6},"end":{"line":17,"column":65}},"type":"binary-expr","locations":[{"start":{"line":17,"column":6},"end":{"line":17,"column":27}},{"start":{"line":17,"column":31},"end":{"line":17,"column":65}}],"line":17},"2":{"loc":{"start":{"line":26,"column":2},"end":{"line":31,"column":3}},"type":"if","locations":[{"start":{"line":26,"column":2},"end":{"line":31,"column":3}},{"start":{"line":26,"column":2},"end":{"line":31,"column":3}}],"line":26},"3":{"loc":{"start":{"line":40,"column":4},"end":{"line":44,"column":5}},"type":"if","locations":[{"start":{"line":40,"column":4},"end":{"line":44,"column":5}},{"start":{"line":40,"column":4},"end":{"line":44,"column":5}}],"line":40}},"s":{"0":1,"1":5,"2":1,"3":4,"4":4,"5":1,"6":3,"7":3,"8":3,"9":1,"10":2,"11":1,"12":1,"13":2},"f":{"0":5},"b":{"0":[1,4],"1":[5,4],"2":[1,3],"3":[1,1]},"_coverageSchema":"1a1c01bbd47fc00a2c39e90264f33305004495a9","hash":"9f96fc9f852f321c208eba2cd4028940172660d1"}
,"C:\\Users\\MATTH\\git\\backend\\src\\batch\\getBatchesByTrainerFn\\getBatchesByTrainer.ts": {"path":"C:\\Users\\MATTH\\git\\backend\\src\\batch\\getBatchesByTrainerFn\\getBatchesByTrainer.ts","statementMap":{"0":{"start":{"line":6,"column":13},"end":{"line":6,"column":57}},"1":{"start":{"line":17,"column":2},"end":{"line":22,"column":3}},"2":{"start":{"line":18,"column":4},"end":{"line":21,"column":6}},"3":{"start":{"line":23,"column":20},"end":{"line":23,"column":50}},"4":{"start":{"line":26,"column":2},"end":{"line":31,"column":3}},"5":{"start":{"line":27,"column":4},"end":{"line":30,"column":6}},"6":{"start":{"line":33,"column":15},"end":{"line":33,"column":26}},"7":{"start":{"line":35,"column":2},"end":{"line":49,"column":3}},"8":{"start":{"line":36,"column":16},"end":{"line":36,"column":46}},"9":{"start":{"line":37,"column":4},"end":{"line":37,"column":43}},"10":{"start":{"line":40,"column":4},"end":{"line":44,"column":5}},"11":{"start":{"line":41,"column":6},"end":{"line":41,"column":32}},"12":{"start":{"line":43,"column":6},"end":{"line":43,"column":38}},"13":{"start":{"line":45,"column":4},"end":{"line":48,"column":7}}},"fnMap":{"0":{"name":"handler","decl":{"start":{"line":14,"column":30},"end":{"line":14,"column":37}},"loc":{"start":{"line":14,"column":67},"end":{"line":50,"column":1}},"line":14}},"branchMap":{"0":{"loc":{"start":{"line":17,"column":2},"end":{"line":22,"column":3}},"type":"if","locations":[{"start":{"line":17,"column":2},"end":{"line":22,"column":3}},{"start":{"line":17,"column":2},"end":{"line":22,"column":3}}],"line":17},"1":{"loc":{"start":{"line":17,"column":6},"end":{"line":17,"column":62}},"type":"binary-expr","locations":[{"start":{"line":17,"column":6},"end":{"line":17,"column":27}},{"start":{"line":17,"column":31},"end":{"line":17,"column":62}}],"line":17},"2":{"loc":{"start":{"line":26,"column":2},"end":{"line":31,"column":3}},"type":"if","locations":[{"start":{"line":26,"column":2},"end":{"line":31,"column":3}},{"start":{"line":26,"column":2},"end":{"line":31,"column":3}}],"line":26},"3":{"loc":{"start":{"line":40,"column":4},"end":{"line":44,"column":5}},"type":"if","locations":[{"start":{"line":40,"column":4},"end":{"line":44,"column":5}},{"start":{"line":40,"column":4},"end":{"line":44,"column":5}}],"line":40}},"s":{"0":1,"1":5,"2":1,"3":4,"4":4,"5":1,"6":3,"7":3,"8":3,"9":1,"10":2,"11":1,"12":1,"13":2},"f":{"0":5},"b":{"0":[1,4],"1":[5,4],"2":[1,3],"3":[1,1]},"_coverageSchema":"1a1c01bbd47fc00a2c39e90264f33305004495a9","hash":"dda6dec953d0eb63cf9a427224c9bdbcbe1de1d4"}
,"C:\\Users\\MATTH\\git\\backend\\src\\batch\\removeBatchFn\\removeBatch.ts": {"path":"C:\\Users\\MATTH\\git\\backend\\src\\batch\\removeBatchFn\\removeBatch.ts","statementMap":{"0":{"start":{"line":6,"column":13},"end":{"line":6,"column":65}},"1":{"start":{"line":16,"column":2},"end":{"line":21,"column":3}},"2":{"start":{"line":17,"column":4},"end":{"line":20,"column":6}},"3":{"start":{"line":22,"column":18},"end":{"line":22,"column":46}},"4":{"start":{"line":25,"column":2},"end":{"line":30,"column":3}},"5":{"start":{"line":26,"column":4},"end":{"line":29,"column":6}},"6":{"start":{"line":32,"column":2},"end":{"line":46,"column":3}},"7":{"start":{"line":33,"column":16},"end":{"line":33,"column":51}},"8":{"start":{"line":34,"column":4},"end":{"line":34,"column":43}},"9":{"start":{"line":37,"column":4},"end":{"line":41,"column":5}},"10":{"start":{"line":38,"column":6},"end":{"line":38,"column":32}},"11":{"start":{"line":40,"column":6},"end":{"line":40,"column":38}},"12":{"start":{"line":42,"column":4},"end":{"line":45,"column":7}}},"fnMap":{"0":{"name":"handler","decl":{"start":{"line":14,"column":30},"end":{"line":14,"column":37}},"loc":{"start":{"line":14,"column":67},"end":{"line":47,"column":1}},"line":14}},"branchMap":{"0":{"loc":{"start":{"line":16,"column":2},"end":{"line":21,"column":3}},"type":"if","locations":[{"start":{"line":16,"column":2},"end":{"line":21,"column":3}},{"start":{"line":16,"column":2},"end":{"line":21,"column":3}}],"line":16},"1":{"loc":{"start":{"line":16,"column":6},"end":{"line":16,"column":60}},"type":"binary-expr","locations":[{"start":{"line":16,"column":6},"end":{"line":16,"column":27}},{"start":{"line":16,"column":31},"end":{"line":16,"column":60}}],"line":16},"2":{"loc":{"start":{"line":25,"column":2},"end":{"line":30,"column":3}},"type":"if","locations":[{"start":{"line":25,"column":2},"end":{"line":30,"column":3}},{"start":{"line":25,"column":2},"end":{"line":30,"column":3}}],"line":25},"3":{"loc":{"start":{"line":37,"column":4},"end":{"line":41,"column":5}},"type":"if","locations":[{"start":{"line":37,"column":4},"end":{"line":41,"column":5}},{"start":{"line":37,"column":4},"end":{"line":41,"column":5}}],"line":37}},"s":{"0":1,"1":5,"2":1,"3":4,"4":4,"5":1,"6":3,"7":3,"8":1,"9":2,"10":1,"11":1,"12":2},"f":{"0":5},"b":{"0":[1,4],"1":[5,4],"2":[1,3],"3":[1,1]},"_coverageSchema":"1a1c01bbd47fc00a2c39e90264f33305004495a9","hash":"ac3af1d4bf95830fdfbef115b97ad77a9b7fefef"}
,"C:\\Users\\MATTH\\git\\backend\\src\\batch\\updateBatchFn\\updateBatch.ts": {"path":"C:\\Users\\MATTH\\git\\backend\\src\\batch\\updateBatchFn\\updateBatch.ts","statementMap":{"0":{"start":{"line":7,"column":2},"end":{"line":9,"column":64}},"1":{"start":{"line":31,"column":2},"end":{"line":45,"column":3}},"2":{"start":{"line":32,"column":4},"end":{"line":44,"column":7}},"3":{"start":{"line":46,"column":26},"end":{"line":46,"column":48}},"4":{"start":{"line":49,"column":2},"end":{"line":70,"column":3}},"5":{"start":{"line":58,"column":4},"end":{"line":69,"column":7}},"6":{"start":{"line":73,"column":20},"end":{"line":81,"column":3}},"7":{"start":{"line":84,"column":2},"end":{"line":98,"column":3}},"8":{"start":{"line":85,"column":16},"end":{"line":85,"column":53}},"9":{"start":{"line":86,"column":4},"end":{"line":86,"column":43}},"10":{"start":{"line":89,"column":4},"end":{"line":93,"column":5}},"11":{"start":{"line":90,"column":6},"end":{"line":90,"column":32}},"12":{"start":{"line":92,"column":6},"end":{"line":92,"column":38}},"13":{"start":{"line":94,"column":4},"end":{"line":97,"column":7}}},"fnMap":{"0":{"name":"handler","decl":{"start":{"line":29,"column":30},"end":{"line":29,"column":37}},"loc":{"start":{"line":29,"column":67},"end":{"line":99,"column":1}},"line":29}},"branchMap":{"0":{"loc":{"start":{"line":31,"column":2},"end":{"line":45,"column":3}},"type":"if","locations":[{"start":{"line":31,"column":2},"end":{"line":45,"column":3}},{"start":{"line":31,"column":2},"end":{"line":45,"column":3}}],"line":31},"1":{"loc":{"start":{"line":49,"column":2},"end":{"line":70,"column":3}},"type":"if","locations":[{"start":{"line":49,"column":2},"end":{"line":70,"column":3}},{"start":{"line":49,"column":2},"end":{"line":70,"column":3}}],"line":49},"2":{"loc":{"start":{"line":50,"column":4},"end":{"line":56,"column":36}},"type":"binary-expr","locations":[{"start":{"line":50,"column":4},"end":{"line":50,"column":39}},{"start":{"line":51,"column":4},"end":{"line":51,"column":41}},{"start":{"line":52,"column":4},"end":{"line":52,"column":36}},{"start":{"line":53,"column":4},"end":{"line":53,"column":38}},{"start":{"line":54,"column":4},"end":{"line":54,"column":38}},{"start":{"line":55,"column":4},"end":{"line":55,"column":37}},{"start":{"line":56,"column":4},"end":{"line":56,"column":36}}],"line":50},"3":{"loc":{"start":{"line":89,"column":4},"end":{"line":93,"column":5}},"type":"if","locations":[{"start":{"line":89,"column":4},"end":{"line":93,"column":5}},{"start":{"line":89,"column":4},"end":{"line":93,"column":5}}],"line":89}},"s":{"0":1,"1":5,"2":1,"3":4,"4":4,"5":1,"6":3,"7":3,"8":3,"9":1,"10":2,"11":1,"12":1,"13":2},"f":{"0":5},"b":{"0":[1,4],"1":[1,3],"2":[4,3,3,3,3,3,3],"3":[1,1]},"_coverageSchema":"1a1c01bbd47fc00a2c39e90264f33305004495a9","hash":"5ed57de2aa0944e67ff1145c0cf691deb3d90996"}
,"C:\\Users\\MATTH\\git\\backend\\src\\client\\addClientFn\\addClient.ts": {"path":"C:\\Users\\MATTH\\git\\backend\\src\\client\\addClientFn\\addClient.ts","statementMap":{"0":{"start":{"line":6,"column":13},"end":{"line":6,"column":75}},"1":{"start":{"line":22,"column":2},"end":{"line":30,"column":3}},"2":{"start":{"line":23,"column":4},"end":{"line":29,"column":7}},"3":{"start":{"line":31,"column":31},"end":{"line":31,"column":53}},"4":{"start":{"line":33,"column":2},"end":{"line":40,"column":3}},"5":{"start":{"line":34,"column":4},"end":{"line":39,"column":7}},"6":{"start":{"line":43,"column":21},"end":{"line":43,"column":40}},"7":{"start":{"line":44,"column":2},"end":{"line":52,"column":3}},"8":{"start":{"line":45,"column":16},"end":{"line":45,"column":54}},"9":{"start":{"line":46,"column":4},"end":{"line":46,"column":43}},"10":{"start":{"line":48,"column":4},"end":{"line":51,"column":7}}},"fnMap":{"0":{"name":"handler","decl":{"start":{"line":20,"column":30},"end":{"line":20,"column":37}},"loc":{"start":{"line":20,"column":67},"end":{"line":53,"column":1}},"line":20}},"branchMap":{"0":{"loc":{"start":{"line":22,"column":2},"end":{"line":30,"column":3}},"type":"if","locations":[{"start":{"line":22,"column":2},"end":{"line":30,"column":3}},{"start":{"line":22,"column":2},"end":{"line":30,"column":3}}],"line":22},"1":{"loc":{"start":{"line":33,"column":2},"end":{"line":40,"column":3}},"type":"if","locations":[{"start":{"line":33,"column":2},"end":{"line":40,"column":3}},{"start":{"line":33,"column":2},"end":{"line":40,"column":3}}],"line":33}},"s":{"0":1,"1":4,"2":1,"3":3,"4":3,"5":1,"6":2,"7":2,"8":2,"9":1,"10":1},"f":{"0":4},"b":{"0":[1,3],"1":[1,2]},"_coverageSchema":"1a1c01bbd47fc00a2c39e90264f33305004495a9","hash":"c860454c54e674cbb9edcd3ee84b874f89a8a867"}
,"C:\\Users\\MATTH\\git\\backend\\src\\client\\getAllClientsFn\\getAllClients.ts": {"path":"C:\\Users\\MATTH\\git\\backend\\src\\client\\getAllClientsFn\\getAllClients.ts","statementMap":{"0":{"start":{"line":5,"column":13},"end":{"line":5,"column":35}},"1":{"start":{"line":14,"column":2},"end":{"line":22,"column":3}},"2":{"start":{"line":15,"column":16},"end":{"line":15,"column":42}},"3":{"start":{"line":16,"column":4},"end":{"line":16,"column":43}},"4":{"start":{"line":18,"column":4},"end":{"line":21,"column":7}}},"fnMap":{"0":{"name":"handler","decl":{"start":{"line":12,"column":30},"end":{"line":12,"column":37}},"loc":{"start":{"line":12,"column":40},"end":{"line":23,"column":1}},"line":12}},"branchMap":{},"s":{"0":1,"1":2,"2":2,"3":1,"4":1},"f":{"0":2},"b":{},"_coverageSchema":"1a1c01bbd47fc00a2c39e90264f33305004495a9","hash":"0a09714d7d4962ef77f3332b3a7df7670060a522"}
,"C:\\Users\\MATTH\\git\\backend\\src\\client\\getClientByNameFn\\getClientByName.ts": {"path":"C:\\Users\\MATTH\\git\\backend\\src\\client\\getClientByNameFn\\getClientByName.ts","statementMap":{"0":{"start":{"line":6,"column":13},"end":{"line":6,"column":57}},"1":{"start":{"line":17,"column":2},"end":{"line":21,"column":6}},"2":{"start":{"line":18,"column":4},"end":{"line":21,"column":6}},"3":{"start":{"line":22,"column":15},"end":{"line":22,"column":48}},"4":{"start":{"line":25,"column":2},"end":{"line":33,"column":3}},"5":{"start":{"line":26,"column":16},"end":{"line":26,"column":48}},"6":{"start":{"line":27,"column":4},"end":{"line":27,"column":43}},"7":{"start":{"line":29,"column":4},"end":{"line":32,"column":7}}},"fnMap":{"0":{"name":"handler","decl":{"start":{"line":15,"column":30},"end":{"line":15,"column":37}},"loc":{"start":{"line":15,"column":67},"end":{"line":34,"column":1}},"line":15}},"branchMap":{"0":{"loc":{"start":{"line":17,"column":2},"end":{"line":21,"column":6}},"type":"if","locations":[{"start":{"line":17,"column":2},"end":{"line":21,"column":6}},{"start":{"line":17,"column":2},"end":{"line":21,"column":6}}],"line":17},"1":{"loc":{"start":{"line":17,"column":6},"end":{"line":17,"column":63}},"type":"binary-expr","locations":[{"start":{"line":17,"column":6},"end":{"line":17,"column":27}},{"start":{"line":17,"column":31},"end":{"line":17,"column":63}}],"line":17}},"s":{"0":1,"1":3,"2":1,"3":2,"4":2,"5":2,"6":1,"7":1},"f":{"0":3},"b":{"0":[1,2],"1":[3,2]},"_coverageSchema":"1a1c01bbd47fc00a2c39e90264f33305004495a9","hash":"1a1925a362819e39ff068884957c732007ef15c1"}
,"C:\\Users\\MATTH\\git\\backend\\src\\client\\getClientFn\\getClient.ts": {"path":"C:\\Users\\MATTH\\git\\backend\\src\\client\\getClientFn\\getClient.ts","statementMap":{"0":{"start":{"line":6,"column":13},"end":{"line":6,"column":55}},"1":{"start":{"line":17,"column":2},"end":{"line":21,"column":6}},"2":{"start":{"line":18,"column":4},"end":{"line":21,"column":6}},"3":{"start":{"line":22,"column":25},"end":{"line":22,"column":64}},"4":{"start":{"line":23,"column":2},"end":{"line":27,"column":6}},"5":{"start":{"line":24,"column":4},"end":{"line":27,"column":6}},"6":{"start":{"line":30,"column":2},"end":{"line":38,"column":3}},"7":{"start":{"line":31,"column":16},"end":{"line":31,"column":52}},"8":{"start":{"line":32,"column":4},"end":{"line":32,"column":43}},"9":{"start":{"line":34,"column":4},"end":{"line":37,"column":7}}},"fnMap":{"0":{"name":"handler","decl":{"start":{"line":15,"column":30},"end":{"line":15,"column":37}},"loc":{"start":{"line":15,"column":67},"end":{"line":39,"column":1}},"line":15}},"branchMap":{"0":{"loc":{"start":{"line":17,"column":2},"end":{"line":21,"column":6}},"type":"if","locations":[{"start":{"line":17,"column":2},"end":{"line":21,"column":6}},{"start":{"line":17,"column":2},"end":{"line":21,"column":6}}],"line":17},"1":{"loc":{"start":{"line":17,"column":6},"end":{"line":17,"column":61}},"type":"binary-expr","locations":[{"start":{"line":17,"column":6},"end":{"line":17,"column":27}},{"start":{"line":17,"column":31},"end":{"line":17,"column":61}}],"line":17},"2":{"loc":{"start":{"line":23,"column":2},"end":{"line":27,"column":6}},"type":"if","locations":[{"start":{"line":23,"column":2},"end":{"line":27,"column":6}},{"start":{"line":23,"column":2},"end":{"line":27,"column":6}}],"line":23}},"s":{"0":1,"1":4,"2":1,"3":3,"4":3,"5":1,"6":2,"7":2,"8":1,"9":1},"f":{"0":4},"b":{"0":[1,3],"1":[4,3],"2":[1,2]},"_coverageSchema":"1a1c01bbd47fc00a2c39e90264f33305004495a9","hash":"762f0c70c9cbccaf89c8c4856906a7c26147ec8c"}
,"C:\\Users\\MATTH\\git\\backend\\src\\curriculum\\deleteCurriculumFn\\deleteCurriculum.ts": {"path":"C:\\Users\\MATTH\\git\\backend\\src\\curriculum\\deleteCurriculumFn\\deleteCurriculum.ts","statementMap":{"0":{"start":{"line":6,"column":13},"end":{"line":6,"column":61}},"1":{"start":{"line":16,"column":2},"end":{"line":21,"column":3}},"2":{"start":{"line":17,"column":4},"end":{"line":20,"column":6}},"3":{"start":{"line":22,"column":25},"end":{"line":22,"column":68}},"4":{"start":{"line":23,"column":2},"end":{"line":28,"column":3}},"5":{"start":{"line":24,"column":4},"end":{"line":27,"column":6}},"6":{"start":{"line":31,"column":2},"end":{"line":45,"column":3}},"7":{"start":{"line":32,"column":16},"end":{"line":32,"column":50}},"8":{"start":{"line":33,"column":4},"end":{"line":33,"column":43}},"9":{"start":{"line":36,"column":4},"end":{"line":40,"column":5}},"10":{"start":{"line":37,"column":6},"end":{"line":37,"column":32}},"11":{"start":{"line":39,"column":6},"end":{"line":39,"column":38}},"12":{"start":{"line":41,"column":4},"end":{"line":44,"column":7}}},"fnMap":{"0":{"name":"handler","decl":{"start":{"line":14,"column":30},"end":{"line":14,"column":37}},"loc":{"start":{"line":14,"column":67},"end":{"line":46,"column":1}},"line":14}},"branchMap":{"0":{"loc":{"start":{"line":16,"column":2},"end":{"line":21,"column":3}},"type":"if","locations":[{"start":{"line":16,"column":2},"end":{"line":21,"column":3}},{"start":{"line":16,"column":2},"end":{"line":21,"column":3}}],"line":16},"1":{"loc":{"start":{"line":16,"column":8},"end":{"line":16,"column":65}},"type":"binary-expr","locations":[{"start":{"line":16,"column":8},"end":{"line":16,"column":28}},{"start":{"line":16,"column":32},"end":{"line":16,"column":65}}],"line":16},"2":{"loc":{"start":{"line":23,"column":2},"end":{"line":28,"column":3}},"type":"if","locations":[{"start":{"line":23,"column":2},"end":{"line":28,"column":3}},{"start":{"line":23,"column":2},"end":{"line":28,"column":3}}],"line":23},"3":{"loc":{"start":{"line":36,"column":4},"end":{"line":40,"column":5}},"type":"if","locations":[{"start":{"line":36,"column":4},"end":{"line":40,"column":5}},{"start":{"line":36,"column":4},"end":{"line":40,"column":5}}],"line":36}},"s":{"0":1,"1":5,"2":1,"3":4,"4":4,"5":1,"6":3,"7":3,"8":1,"9":2,"10":1,"11":1,"12":2},"f":{"0":5},"b":{"0":[1,4],"1":[5,4],"2":[1,3],"3":[1,1]},"_coverageSchema":"1a1c01bbd47fc00a2c39e90264f33305004495a9","hash":"9d453338deef5de37cb3c9917fe0242ab87f115c"}
,"C:\\Users\\MATTH\\git\\backend\\src\\curriculum\\getAllCurriculaFn\\getAllCurricula.ts": {"path":"C:\\Users\\MATTH\\git\\backend\\src\\curriculum\\getAllCurriculaFn\\getAllCurricula.ts","statementMap":{"0":{"start":{"line":5,"column":13},"end":{"line":5,"column":39}},"1":{"start":{"line":14,"column":2},"end":{"line":28,"column":3}},"2":{"start":{"line":15,"column":16},"end":{"line":15,"column":40}},"3":{"start":{"line":16,"column":4},"end":{"line":16,"column":43}},"4":{"start":{"line":19,"column":4},"end":{"line":23,"column":5}},"5":{"start":{"line":20,"column":6},"end":{"line":20,"column":32}},"6":{"start":{"line":22,"column":6},"end":{"line":22,"column":38}},"7":{"start":{"line":24,"column":4},"end":{"line":27,"column":7}}},"fnMap":{"0":{"name":"handler","decl":{"start":{"line":12,"column":30},"end":{"line":12,"column":37}},"loc":{"start":{"line":12,"column":40},"end":{"line":29,"column":1}},"line":12}},"branchMap":{"0":{"loc":{"start":{"line":19,"column":4},"end":{"line":23,"column":5}},"type":"if","locations":[{"start":{"line":19,"column":4},"end":{"line":23,"column":5}},{"start":{"line":19,"column":4},"end":{"line":23,"column":5}}],"line":19}},"s":{"0":1,"1":3,"2":3,"3":1,"4":2,"5":1,"6":1,"7":2},"f":{"0":3},"b":{"0":[1,1]},"_coverageSchema":"1a1c01bbd47fc00a2c39e90264f33305004495a9","hash":"67c07d6787a66efd916fde2a40e25e86945a3c46"}
,"C:\\Users\\MATTH\\git\\backend\\src\\curriculum\\getCurriculumFn\\getCurriculum.ts": {"path":"C:\\Users\\MATTH\\git\\backend\\src\\curriculum\\getCurriculumFn\\getCurriculum.ts","statementMap":{"0":{"start":{"line":6,"column":13},"end":{"line":6,"column":63}},"1":{"start":{"line":7,"column":19},"end":{"line":7,"column":75}},"2":{"start":{"line":17,"column":2},"end":{"line":22,"column":3}},"3":{"start":{"line":18,"column":4},"end":{"line":21,"column":6}},"4":{"start":{"line":23,"column":25},"end":{"line":23,"column":68}},"5":{"start":{"line":24,"column":2},"end":{"line":29,"column":3}},"6":{"start":{"line":25,"column":4},"end":{"line":28,"column":6}},"7":{"start":{"line":32,"column":2},"end":{"line":48,"column":3}},"8":{"start":{"line":33,"column":16},"end":{"line":33,"column":50}},"9":{"start":{"line":34,"column":23},"end":{"line":34,"column":63}},"10":{"start":{"line":35,"column":4},"end":{"line":35,"column":45}},"11":{"start":{"line":36,"column":4},"end":{"line":36,"column":43}},"12":{"start":{"line":39,"column":4},"end":{"line":43,"column":5}},"13":{"start":{"line":40,"column":6},"end":{"line":40,"column":32}},"14":{"start":{"line":42,"column":6},"end":{"line":42,"column":38}},"15":{"start":{"line":44,"column":4},"end":{"line":47,"column":7}}},"fnMap":{"0":{"name":"handler","decl":{"start":{"line":15,"column":30},"end":{"line":15,"column":37}},"loc":{"start":{"line":15,"column":67},"end":{"line":49,"column":1}},"line":15}},"branchMap":{"0":{"loc":{"start":{"line":17,"column":2},"end":{"line":22,"column":3}},"type":"if","locations":[{"start":{"line":17,"column":2},"end":{"line":22,"column":3}},{"start":{"line":17,"column":2},"end":{"line":22,"column":3}}],"line":17},"1":{"loc":{"start":{"line":17,"column":8},"end":{"line":17,"column":65}},"type":"binary-expr","locations":[{"start":{"line":17,"column":8},"end":{"line":17,"column":28}},{"start":{"line":17,"column":32},"end":{"line":17,"column":65}}],"line":17},"2":{"loc":{"start":{"line":24,"column":2},"end":{"line":29,"column":3}},"type":"if","locations":[{"start":{"line":24,"column":2},"end":{"line":29,"column":3}},{"start":{"line":24,"column":2},"end":{"line":29,"column":3}}],"line":24},"3":{"loc":{"start":{"line":39,"column":4},"end":{"line":43,"column":5}},"type":"if","locations":[{"start":{"line":39,"column":4},"end":{"line":43,"column":5}},{"start":{"line":39,"column":4},"end":{"line":43,"column":5}}],"line":39}},"s":{"0":1,"1":1,"2":5,"3":1,"4":4,"5":4,"6":1,"7":3,"8":3,"9":1,"10":1,"11":1,"12":2,"13":1,"14":1,"15":2},"f":{"0":5},"b":{"0":[1,4],"1":[5,4],"2":[1,3],"3":[1,1]},"_coverageSchema":"1a1c01bbd47fc00a2c39e90264f33305004495a9","hash":"787cf05b59e5bbb3af8b748f1f3418333dd9b99b"}
,"C:\\Users\\MATTH\\git\\backend\\src\\curriculum\\insertCurriculumFn\\insertCurriculum.ts": {"path":"C:\\Users\\MATTH\\git\\backend\\src\\curriculum\\insertCurriculumFn\\insertCurriculum.ts","statementMap":{"0":{"start":{"line":7,"column":2},"end":{"line":9,"column":44}},"1":{"start":{"line":11,"column":2},"end":{"line":12,"column":55}},"2":{"start":{"line":30,"column":2},"end":{"line":41,"column":3}},"3":{"start":{"line":31,"column":4},"end":{"line":40,"column":7}},"4":{"start":{"line":42,"column":27},"end":{"line":42,"column":49}},"5":{"start":{"line":45,"column":2},"end":{"line":60,"column":3}},"6":{"start":{"line":51,"column":4},"end":{"line":59,"column":7}},"7":{"start":{"line":63,"column":19},"end":{"line":69,"column":3}},"8":{"start":{"line":72,"column":2},"end":{"line":94,"column":3}},"9":{"start":{"line":73,"column":16},"end":{"line":73,"column":50}},"10":{"start":{"line":74,"column":4},"end":{"line":81,"column":5}},"11":{"start":{"line":75,"column":27},"end":{"line":75,"column":51}},"12":{"start":{"line":77,"column":6},"end":{"line":80,"column":7}},"13":{"start":{"line":78,"column":26},"end":{"line":78,"column":46}},"14":{"start":{"line":79,"column":8},"end":{"line":79,"column":50}},"15":{"start":{"line":82,"column":4},"end":{"line":82,"column":43}},"16":{"start":{"line":85,"column":4},"end":{"line":89,"column":5}},"17":{"start":{"line":86,"column":6},"end":{"line":86,"column":32}},"18":{"start":{"line":88,"column":6},"end":{"line":88,"column":38}},"19":{"start":{"line":90,"column":4},"end":{"line":93,"column":7}}},"fnMap":{"0":{"name":"handler","decl":{"start":{"line":28,"column":30},"end":{"line":28,"column":37}},"loc":{"start":{"line":28,"column":67},"end":{"line":95,"column":1}},"line":28}},"branchMap":{"0":{"loc":{"start":{"line":30,"column":2},"end":{"line":41,"column":3}},"type":"if","locations":[{"start":{"line":30,"column":2},"end":{"line":41,"column":3}},{"start":{"line":30,"column":2},"end":{"line":41,"column":3}}],"line":30},"1":{"loc":{"start":{"line":45,"column":2},"end":{"line":60,"column":3}},"type":"if","locations":[{"start":{"line":45,"column":2},"end":{"line":60,"column":3}},{"start":{"line":45,"column":2},"end":{"line":60,"column":3}}],"line":45},"2":{"loc":{"start":{"line":46,"column":4},"end":{"line":49,"column":20}},"type":"binary-expr","locations":[{"start":{"line":46,"column":4},"end":{"line":46,"column":37}},{"start":{"line":47,"column":4},"end":{"line":47,"column":37}},{"start":{"line":48,"column":4},"end":{"line":48,"column":42}},{"start":{"line":49,"column":4},"end":{"line":49,"column":20}}],"line":46},"3":{"loc":{"start":{"line":74,"column":4},"end":{"line":81,"column":5}},"type":"if","locations":[{"start":{"line":74,"column":4},"end":{"line":81,"column":5}},{"start":{"line":74,"column":4},"end":{"line":81,"column":5}}],"line":74},"4":{"loc":{"start":{"line":85,"column":4},"end":{"line":89,"column":5}},"type":"if","locations":[{"start":{"line":85,"column":4},"end":{"line":89,"column":5}},{"start":{"line":85,"column":4},"end":{"line":89,"column":5}}],"line":85}},"s":{"0":1,"1":1,"2":5,"3":1,"4":4,"5":4,"6":1,"7":3,"8":3,"9":3,"10":1,"11":1,"12":1,"13":3,"14":3,"15":1,"16":2,"17":1,"18":1,"19":2},"f":{"0":5},"b":{"0":[1,4],"1":[1,3],"2":[4,3,3,3],"3":[1,0],"4":[1,1]},"_coverageSchema":"1a1c01bbd47fc00a2c39e90264f33305004495a9","hash":"36ed6e4a4307bfeb9ab0b4294ef45c46d96a6b10"}
,"C:\\Users\\MATTH\\git\\backend\\src\\demand\\createDemandFn\\createDemand.ts": {"path":"C:\\Users\\MATTH\\git\\backend\\src\\demand\\createDemandFn\\createDemand.ts","statementMap":{"0":{"start":{"line":7,"column":2},"end":{"line":8,"column":40}},"1":{"start":{"line":25,"column":2},"end":{"line":36,"column":3}},"2":{"start":{"line":26,"column":4},"end":{"line":35,"column":7}},"3":{"start":{"line":37,"column":31},"end":{"line":37,"column":53}},"4":{"start":{"line":39,"column":2},"end":{"line":54,"column":3}},"5":{"start":{"line":45,"column":4},"end":{"line":53,"column":7}},"6":{"start":{"line":57,"column":22},"end":{"line":62,"column":3}},"7":{"start":{"line":65,"column":2},"end":{"line":79,"column":3}},"8":{"start":{"line":66,"column":16},"end":{"line":66,"column":53}},"9":{"start":{"line":67,"column":4},"end":{"line":67,"column":43}},"10":{"start":{"line":70,"column":4},"end":{"line":74,"column":5}},"11":{"start":{"line":71,"column":6},"end":{"line":71,"column":32}},"12":{"start":{"line":73,"column":6},"end":{"line":73,"column":38}},"13":{"start":{"line":75,"column":4},"end":{"line":78,"column":7}}},"fnMap":{"0":{"name":"handler","decl":{"start":{"line":23,"column":30},"end":{"line":23,"column":37}},"loc":{"start":{"line":23,"column":67},"end":{"line":80,"column":1}},"line":23}},"branchMap":{"0":{"loc":{"start":{"line":25,"column":2},"end":{"line":36,"column":3}},"type":"if","locations":[{"start":{"line":25,"column":2},"end":{"line":36,"column":3}},{"start":{"line":25,"column":2},"end":{"line":36,"column":3}}],"line":25},"1":{"loc":{"start":{"line":39,"column":2},"end":{"line":54,"column":3}},"type":"if","locations":[{"start":{"line":39,"column":2},"end":{"line":54,"column":3}},{"start":{"line":39,"column":2},"end":{"line":54,"column":3}}],"line":39},"2":{"loc":{"start":{"line":40,"column":4},"end":{"line":43,"column":46}},"type":"binary-expr","locations":[{"start":{"line":40,"column":4},"end":{"line":40,"column":38}},{"start":{"line":41,"column":4},"end":{"line":41,"column":42}},{"start":{"line":42,"column":4},"end":{"line":42,"column":36}},{"start":{"line":43,"column":4},"end":{"line":43,"column":46}}],"line":40},"3":{"loc":{"start":{"line":70,"column":4},"end":{"line":74,"column":5}},"type":"if","locations":[{"start":{"line":70,"column":4},"end":{"line":74,"column":5}},{"start":{"line":70,"column":4},"end":{"line":74,"column":5}}],"line":70}},"s":{"0":1,"1":5,"2":1,"3":4,"4":4,"5":1,"6":3,"7":3,"8":3,"9":1,"10":2,"11":1,"12":1,"13":2},"f":{"0":5},"b":{"0":[1,4],"1":[1,3],"2":[4,3,3,3],"3":[1,1]},"_coverageSchema":"1a1c01bbd47fc00a2c39e90264f33305004495a9","hash":"84a9424a664c35977280e6b5054fe0290af38d3c"}
,"C:\\Users\\MATTH\\git\\backend\\src\\demand\\getAllDemandsFn\\getAllDemands.ts": {"path":"C:\\Users\\MATTH\\git\\backend\\src\\demand\\getAllDemandsFn\\getAllDemands.ts","statementMap":{"0":{"start":{"line":5,"column":13},"end":{"line":5,"column":35}},"1":{"start":{"line":15,"column":2},"end":{"line":29,"column":3}},"2":{"start":{"line":16,"column":16},"end":{"line":16,"column":40}},"3":{"start":{"line":17,"column":4},"end":{"line":17,"column":43}},"4":{"start":{"line":20,"column":4},"end":{"line":24,"column":5}},"5":{"start":{"line":21,"column":6},"end":{"line":21,"column":32}},"6":{"start":{"line":23,"column":6},"end":{"line":23,"column":38}},"7":{"start":{"line":25,"column":4},"end":{"line":28,"column":7}}},"fnMap":{"0":{"name":"handler","decl":{"start":{"line":13,"column":30},"end":{"line":13,"column":37}},"loc":{"start":{"line":13,"column":40},"end":{"line":30,"column":1}},"line":13}},"branchMap":{"0":{"loc":{"start":{"line":20,"column":4},"end":{"line":24,"column":5}},"type":"if","locations":[{"start":{"line":20,"column":4},"end":{"line":24,"column":5}},{"start":{"line":20,"column":4},"end":{"line":24,"column":5}}],"line":20}},"s":{"0":1,"1":3,"2":3,"3":1,"4":2,"5":1,"6":1,"7":2},"f":{"0":3},"b":{"0":[1,1]},"_coverageSchema":"1a1c01bbd47fc00a2c39e90264f33305004495a9","hash":"329d83a7ffb75cd563b422e878d47ba49615e114"}
,"C:\\Users\\MATTH\\git\\backend\\src\\demand\\getDemandByCurriculumFn\\getDemandByCurriculum.ts": {"path":"C:\\Users\\MATTH\\git\\backend\\src\\demand\\getDemandByCurriculumFn\\getDemandByCurriculum.ts","statementMap":{"0":{"start":{"line":6,"column":17},"end":{"line":6,"column":65}},"1":{"start":{"line":7,"column":21},"end":{"line":7,"column":54}},"2":{"start":{"line":26,"column":2},"end":{"line":44,"column":3}},"3":{"start":{"line":27,"column":4},"end":{"line":31,"column":6}},"4":{"start":{"line":34,"column":9},"end":{"line":44,"column":3}},"5":{"start":{"line":35,"column":4},"end":{"line":38,"column":6}},"6":{"start":{"line":39,"column":9},"end":{"line":44,"column":3}},"7":{"start":{"line":40,"column":4},"end":{"line":43,"column":6}},"8":{"start":{"line":46,"column":40},"end":{"line":50,"column":3}},"9":{"start":{"line":51,"column":21},"end":{"line":51,"column":76}},"10":{"start":{"line":55,"column":2},"end":{"line":59,"column":3}},"11":{"start":{"line":56,"column":4},"end":{"line":56,"column":35}},"12":{"start":{"line":58,"column":4},"end":{"line":58,"column":20}},"13":{"start":{"line":62,"column":2},"end":{"line":76,"column":3}},"14":{"start":{"line":63,"column":16},"end":{"line":63,"column":52}},"15":{"start":{"line":64,"column":4},"end":{"line":64,"column":43}},"16":{"start":{"line":67,"column":4},"end":{"line":71,"column":5}},"17":{"start":{"line":68,"column":6},"end":{"line":68,"column":32}},"18":{"start":{"line":70,"column":6},"end":{"line":70,"column":38}},"19":{"start":{"line":72,"column":4},"end":{"line":75,"column":7}}},"fnMap":{"0":{"name":"handler","decl":{"start":{"line":23,"column":30},"end":{"line":23,"column":37}},"loc":{"start":{"line":23,"column":67},"end":{"line":77,"column":1}},"line":23}},"branchMap":{"0":{"loc":{"start":{"line":26,"column":2},"end":{"line":44,"column":3}},"type":"if","locations":[{"start":{"line":26,"column":2},"end":{"line":44,"column":3}},{"start":{"line":26,"column":2},"end":{"line":44,"column":3}}],"line":26},"1":{"loc":{"start":{"line":26,"column":6},"end":{"line":26,"column":65}},"type":"binary-expr","locations":[{"start":{"line":26,"column":6},"end":{"line":26,"column":27}},{"start":{"line":26,"column":31},"end":{"line":26,"column":65}}],"line":26},"2":{"loc":{"start":{"line":34,"column":9},"end":{"line":44,"column":3}},"type":"if","locations":[{"start":{"line":34,"column":9},"end":{"line":44,"column":3}},{"start":{"line":34,"column":9},"end":{"line":44,"column":3}}],"line":34},"3":{"loc":{"start":{"line":34,"column":13},"end":{"line":34,"column":76}},"type":"binary-expr","locations":[{"start":{"line":34,"column":13},"end":{"line":34,"column":44}},{"start":{"line":34,"column":48},"end":{"line":34,"column":76}}],"line":34},"4":{"loc":{"start":{"line":39,"column":9},"end":{"line":44,"column":3}},"type":"if","locations":[{"start":{"line":39,"column":9},"end":{"line":44,"column":3}},{"start":{"line":39,"column":9},"end":{"line":44,"column":3}}],"line":39},"5":{"loc":{"start":{"line":39,"column":13},"end":{"line":39,"column":76}},"type":"binary-expr","locations":[{"start":{"line":39,"column":13},"end":{"line":39,"column":43}},{"start":{"line":39,"column":47},"end":{"line":39,"column":76}}],"line":39},"6":{"loc":{"start":{"line":55,"column":2},"end":{"line":59,"column":3}},"type":"if","locations":[{"start":{"line":55,"column":2},"end":{"line":59,"column":3}},{"start":{"line":55,"column":2},"end":{"line":59,"column":3}}],"line":55},"7":{"loc":{"start":{"line":55,"column":6},"end":{"line":55,"column":40}},"type":"binary-expr","locations":[{"start":{"line":55,"column":6},"end":{"line":55,"column":22}},{"start":{"line":55,"column":26},"end":{"line":55,"column":40}}],"line":55},"8":{"loc":{"start":{"line":67,"column":4},"end":{"line":71,"column":5}},"type":"if","locations":[{"start":{"line":67,"column":4},"end":{"line":71,"column":5}},{"start":{"line":67,"column":4},"end":{"line":71,"column":5}}],"line":67}},"s":{"0":1,"1":1,"2":7,"3":1,"4":6,"5":1,"6":5,"7":1,"8":4,"9":4,"10":4,"11":1,"12":3,"13":4,"14":4,"15":2,"16":2,"17":1,"18":1,"19":2},"f":{"0":7},"b":{"0":[1,6],"1":[7,6],"2":[1,5],"3":[6,4],"4":[1,4],"5":[5,2],"6":[1,3],"7":[4,1],"8":[1,1]},"_coverageSchema":"1a1c01bbd47fc00a2c39e90264f33305004495a9","hash":"306f407417cdc5577b717bb1f07a692808892e0e"}
,"C:\\Users\\MATTH\\git\\backend\\src\\demand\\getDemandByDateFn\\getDemandByDate.ts": {"path":"C:\\Users\\MATTH\\git\\backend\\src\\demand\\getDemandByDateFn\\getDemandByDate.ts","statementMap":{"0":{"start":{"line":6,"column":13},"end":{"line":6,"column":78}},"1":{"start":{"line":17,"column":2},"end":{"line":27,"column":3}},"2":{"start":{"line":22,"column":4},"end":{"line":26,"column":6}},"3":{"start":{"line":28,"column":16},"end":{"line":28,"column":42}},"4":{"start":{"line":29,"column":14},"end":{"line":29,"column":38}},"5":{"start":{"line":30,"column":21},"end":{"line":30,"column":33}},"6":{"start":{"line":32,"column":2},"end":{"line":46,"column":3}},"7":{"start":{"line":33,"column":16},"end":{"line":33,"column":52}},"8":{"start":{"line":34,"column":4},"end":{"line":34,"column":43}},"9":{"start":{"line":37,"column":4},"end":{"line":41,"column":5}},"10":{"start":{"line":38,"column":6},"end":{"line":38,"column":32}},"11":{"start":{"line":40,"column":6},"end":{"line":40,"column":38}},"12":{"start":{"line":42,"column":4},"end":{"line":45,"column":7}}},"fnMap":{"0":{"name":"handler","decl":{"start":{"line":15,"column":30},"end":{"line":15,"column":37}},"loc":{"start":{"line":15,"column":67},"end":{"line":47,"column":1}},"line":15}},"branchMap":{"0":{"loc":{"start":{"line":17,"column":2},"end":{"line":27,"column":3}},"type":"if","locations":[{"start":{"line":17,"column":2},"end":{"line":27,"column":3}},{"start":{"line":17,"column":2},"end":{"line":27,"column":3}}],"line":17},"1":{"loc":{"start":{"line":18,"column":4},"end":{"line":20,"column":29}},"type":"binary-expr","locations":[{"start":{"line":18,"column":4},"end":{"line":18,"column":25}},{"start":{"line":19,"column":4},"end":{"line":19,"column":31}},{"start":{"line":20,"column":4},"end":{"line":20,"column":29}}],"line":18},"2":{"loc":{"start":{"line":37,"column":4},"end":{"line":41,"column":5}},"type":"if","locations":[{"start":{"line":37,"column":4},"end":{"line":41,"column":5}},{"start":{"line":37,"column":4},"end":{"line":41,"column":5}}],"line":37}},"s":{"0":1,"1":4,"2":1,"3":3,"4":3,"5":3,"6":3,"7":3,"8":1,"9":2,"10":1,"11":1,"12":2},"f":{"0":4},"b":{"0":[1,3],"1":[4,3,3],"2":[1,1]},"_coverageSchema":"1a1c01bbd47fc00a2c39e90264f33305004495a9","hash":"227b07147b059d7f5c2c1e4451aeaa0c233d1a43"}
,"C:\\Users\\MATTH\\git\\backend\\src\\demand\\getDemandByIdFn\\getDemandById.ts": {"path":"C:\\Users\\MATTH\\git\\backend\\src\\demand\\getDemandByIdFn\\getDemandById.ts","statementMap":{"0":{"start":{"line":6,"column":13},"end":{"line":6,"column":57}},"1":{"start":{"line":18,"column":2},"end":{"line":23,"column":3}},"2":{"start":{"line":19,"column":4},"end":{"line":22,"column":6}},"3":{"start":{"line":24,"column":17},"end":{"line":24,"column":48}},"4":{"start":{"line":27,"column":2},"end":{"line":41,"column":3}},"5":{"start":{"line":28,"column":16},"end":{"line":28,"column":48}},"6":{"start":{"line":29,"column":4},"end":{"line":29,"column":43}},"7":{"start":{"line":32,"column":4},"end":{"line":36,"column":5}},"8":{"start":{"line":33,"column":6},"end":{"line":33,"column":32}},"9":{"start":{"line":35,"column":6},"end":{"line":35,"column":38}},"10":{"start":{"line":37,"column":4},"end":{"line":40,"column":7}}},"fnMap":{"0":{"name":"handler","decl":{"start":{"line":15,"column":30},"end":{"line":15,"column":37}},"loc":{"start":{"line":15,"column":67},"end":{"line":42,"column":1}},"line":15}},"branchMap":{"0":{"loc":{"start":{"line":18,"column":2},"end":{"line":23,"column":3}},"type":"if","locations":[{"start":{"line":18,"column":2},"end":{"line":23,"column":3}},{"start":{"line":18,"column":2},"end":{"line":23,"column":3}}],"line":18},"1":{"loc":{"start":{"line":18,"column":6},"end":{"line":18,"column":61}},"type":"binary-expr","locations":[{"start":{"line":18,"column":6},"end":{"line":18,"column":27}},{"start":{"line":18,"column":31},"end":{"line":18,"column":61}}],"line":18},"2":{"loc":{"start":{"line":32,"column":4},"end":{"line":36,"column":5}},"type":"if","locations":[{"start":{"line":32,"column":4},"end":{"line":36,"column":5}},{"start":{"line":32,"column":4},"end":{"line":36,"column":5}}],"line":32}},"s":{"0":1,"1":4,"2":1,"3":3,"4":3,"5":3,"6":1,"7":2,"8":1,"9":1,"10":2},"f":{"0":4},"b":{"0":[1,3],"1":[4,3],"2":[1,1]},"_coverageSchema":"1a1c01bbd47fc00a2c39e90264f33305004495a9","hash":"e6ae8af6ea5fb724cf609d8e1a42f15e03e2e240"}
,"C:\\Users\\MATTH\\git\\backend\\src\\demand\\getDemandsByClientFn\\getDemandsByClient.ts": {"path":"C:\\Users\\MATTH\\git\\backend\\src\\demand\\getDemandsByClientFn\\getDemandsByClient.ts","statementMap":{"0":{"start":{"line":6,"column":13},"end":{"line":6,"column":57}},"1":{"start":{"line":18,"column":2},"end":{"line":23,"column":3}},"2":{"start":{"line":19,"column":4},"end":{"line":22,"column":6}},"3":{"start":{"line":24,"column":21},"end":{"line":24,"column":52}},"4":{"start":{"line":27,"column":2},"end":{"line":41,"column":3}},"5":{"start":{"line":28,"column":16},"end":{"line":28,"column":52}},"6":{"start":{"line":29,"column":4},"end":{"line":29,"column":43}},"7":{"start":{"line":32,"column":4},"end":{"line":36,"column":5}},"8":{"start":{"line":33,"column":6},"end":{"line":33,"column":32}},"9":{"start":{"line":35,"column":6},"end":{"line":35,"column":38}},"10":{"start":{"line":37,"column":4},"end":{"line":40,"column":7}}},"fnMap":{"0":{"name":"handler","decl":{"start":{"line":15,"column":30},"end":{"line":15,"column":37}},"loc":{"start":{"line":15,"column":67},"end":{"line":42,"column":1}},"line":15}},"branchMap":{"0":{"loc":{"start":{"line":18,"column":2},"end":{"line":23,"column":3}},"type":"if","locations":[{"start":{"line":18,"column":2},"end":{"line":23,"column":3}},{"start":{"line":18,"column":2},"end":{"line":23,"column":3}}],"line":18},"1":{"loc":{"start":{"line":18,"column":6},"end":{"line":18,"column":61}},"type":"binary-expr","locations":[{"start":{"line":18,"column":6},"end":{"line":18,"column":27}},{"start":{"line":18,"column":31},"end":{"line":18,"column":61}}],"line":18},"2":{"loc":{"start":{"line":32,"column":4},"end":{"line":36,"column":5}},"type":"if","locations":[{"start":{"line":32,"column":4},"end":{"line":36,"column":5}},{"start":{"line":32,"column":4},"end":{"line":36,"column":5}}],"line":32}},"s":{"0":1,"1":4,"2":1,"3":3,"4":3,"5":3,"6":1,"7":2,"8":1,"9":1,"10":2},"f":{"0":4},"b":{"0":[1,3],"1":[4,3],"2":[1,1]},"_coverageSchema":"1a1c01bbd47fc00a2c39e90264f33305004495a9","hash":"4ea58f64f2b3d51cebb34523d1a71dc5b0faba34"}
,"C:\\Users\\MATTH\\git\\backend\\src\\global\\mockTable.ts": {"path":"C:\\Users\\MATTH\\git\\backend\\src\\global\\mockTable.ts","statementMap":{"0":{"start":{"line":1,"column":21},"end":{"line":9,"column":1}},"1":{"start":{"line":11,"column":22},"end":{"line":18,"column":1}},"2":{"start":{"line":20,"column":26},"end":{"line":25,"column":1}},"3":{"start":{"line":27,"column":22},"end":{"line":32,"column":1}},"4":{"start":{"line":33,"column":26},"end":{"line":36,"column":1}},"5":{"start":{"line":38,"column":21},"end":{"line":41,"column":1}},"6":{"start":{"line":43,"column":23},"end":{"line":49,"column":1}},"7":{"start":{"line":51,"column":31},"end":{"line":60,"column":1}},"8":{"start":{"line":62,"column":33},"end":{"line":68,"column":1}}},"fnMap":{},"branchMap":{},"s":{"0":15,"1":15,"2":15,"3":15,"4":15,"5":15,"6":15,"7":15,"8":15},"f":{},"b":{},"_coverageSchema":"1a1c01bbd47fc00a2c39e90264f33305004495a9","hash":"1b537bdc0b77888d6314e4bcd6aa34e453065780"}
,"C:\\Users\\MATTH\\git\\backend\\src\\global\\objects.ts": {"path":"C:\\Users\\MATTH\\git\\backend\\src\\global\\objects.ts","statementMap":{"0":{"start":{"line":7,"column":4},"end":{"line":7,"column":33}},"1":{"start":{"line":8,"column":4},"end":{"line":8,"column":37}},"2":{"start":{"line":9,"column":4},"end":{"line":9,"column":58}}},"fnMap":{"0":{"name":"(anonymous_0)","decl":{"start":{"line":6,"column":2},"end":{"line":6,"column":3}},"loc":{"start":{"line":6,"column":45},"end":{"line":10,"column":3}},"line":6}},"branchMap":{},"s":{"0":157,"1":157,"2":157},"f":{"0":157},"b":{},"_coverageSchema":"1a1c01bbd47fc00a2c39e90264f33305004495a9","hash":"c25be553ac638129c4f5e75c8fd96ad986a4d008"}
,"C:\\Users\\MATTH\\git\\backend\\src\\global\\postgres.ts": {"path":"C:\\Users\\MATTH\\git\\backend\\src\\global\\postgres.ts","statementMap":{"0":{"start":{"line":3,"column":15},"end":{"line":8,"column":2}},"1":{"start":{"line":10,"column":0},"end":{"line":10,"column":17}}},"fnMap":{},"branchMap":{},"s":{"0":34,"1":34},"f":{},"b":{},"_coverageSchema":"1a1c01bbd47fc00a2c39e90264f33305004495a9","hash":"f9277662df85b4674f97246547c0a5a66428fa7b"}
,"C:\\Users\\MATTH\\git\\backend\\src\\global\\sesClient.ts": {"path":"C:\\Users\\MATTH\\git\\backend\\src\\global\\sesClient.ts","statementMap":{"0":{"start":{"line":3,"column":18},"end":{"line":3,"column":35}}},"fnMap":{},"branchMap":{},"s":{"0":1},"f":{},"b":{},"_coverageSchema":"1a1c01bbd47fc00a2c39e90264f33305004495a9","hash":"e345767d5006b24bc09f2008ee78bd2f73c11494"}
,"C:\\Users\\MATTH\\git\\backend\\src\\global\\snsClient.ts": {"path":"C:\\Users\\MATTH\\git\\backend\\src\\global\\snsClient.ts","statementMap":{"0":{"start":{"line":3,"column":18},"end":{"line":3,"column":35}}},"fnMap":{},"branchMap":{},"s":{"0":1},"f":{},"b":{},"_coverageSchema":"1a1c01bbd47fc00a2c39e90264f33305004495a9","hash":"bbe65d670df37619f2d7dd8947409ec1ed843e82"}
,"C:\\Users\\MATTH\\git\\backend\\src\\init\\init.ts": {"path":"C:\\Users\\MATTH\\git\\backend\\src\\init\\init.ts","statementMap":{"0":{"start":{"line":14,"column":19},"end":{"line":14,"column":49}},"1":{"start":{"line":17,"column":16},"end":{"line":17,"column":18}},"2":{"start":{"line":20,"column":2},"end":{"line":31,"column":3}},"3":{"start":{"line":21,"column":4},"end":{"line":30,"column":5}},"4":{"start":{"line":22,"column":6},"end":{"line":24,"column":20}},"5":{"start":{"line":26,"column":6},"end":{"line":26,"column":23}},"6":{"start":{"line":27,"column":6},"end":{"line":29,"column":9}},"7":{"start":{"line":34,"column":2},"end":{"line":43,"column":3}},"8":{"start":{"line":35,"column":4},"end":{"line":37,"column":18}},"9":{"start":{"line":39,"column":4},"end":{"line":39,"column":21}},"10":{"start":{"line":40,"column":4},"end":{"line":42,"column":7}},"11":{"start":{"line":46,"column":2},"end":{"line":57,"column":3}},"12":{"start":{"line":47,"column":4},"end":{"line":56,"column":5}},"13":{"start":{"line":48,"column":6},"end":{"line":50,"column":20}},"14":{"start":{"line":52,"column":6},"end":{"line":52,"column":23}},"15":{"start":{"line":53,"column":6},"end":{"line":55,"column":9}},"16":{"start":{"line":60,"column":2},"end":{"line":67,"column":3}},"17":{"start":{"line":61,"column":4},"end":{"line":61,"column":34}},"18":{"start":{"line":63,"column":4},"end":{"line":63,"column":21}},"19":{"start":{"line":64,"column":4},"end":{"line":66,"column":7}},"20":{"start":{"line":70,"column":2},"end":{"line":72,"column":5}}},"fnMap":{"0":{"name":"handler","decl":{"start":{"line":12,"column":30},"end":{"line":12,"column":37}},"loc":{"start":{"line":12,"column":67},"end":{"line":73,"column":1}},"line":12}},"branchMap":{"0":{"loc":{"start":{"line":14,"column":30},"end":{"line":14,"column":48}},"type":"binary-expr","locations":[{"start":{"line":14,"column":30},"end":{"line":14,"column":40}},{"start":{"line":14,"column":44},"end":{"line":14,"column":48}}],"line":14},"1":{"loc":{"start":{"line":20,"column":2},"end":{"line":31,"column":3}},"type":"if","locations":[{"start":{"line":20,"column":2},"end":{"line":31,"column":3}},{"start":{"line":20,"column":2},"end":{"line":31,"column":3}}],"line":20},"2":{"loc":{"start":{"line":46,"column":2},"end":{"line":57,"column":3}},"type":"if","locations":[{"start":{"line":46,"column":2},"end":{"line":57,"column":3}},{"start":{"line":46,"column":2},"end":{"line":57,"column":3}}],"line":46}},"s":{"0":3,"1":3,"2":3,"3":0,"4":0,"5":0,"6":0,"7":3,"8":3,"9":1,"10":1,"11":2,"12":0,"13":0,"14":0,"15":0,"16":2,"17":2,"18":1,"19":1,"20":1},"f":{"0":3},"b":{"0":[3,3],"1":[0,3],"2":[0,2]},"_coverageSchema":"1a1c01bbd47fc00a2c39e90264f33305004495a9","hash":"0f6f5efb210c30660aead3d1cf1d3b3279e80afe"}
,"C:\\Users\\MATTH\\git\\backend\\src\\skill\\createSkillFn\\createSkill.ts": {"path":"C:\\Users\\MATTH\\git\\backend\\src\\skill\\createSkillFn\\createSkill.ts","statementMap":{"0":{"start":{"line":6,"column":13},"end":{"line":6,"column":68}},"1":{"start":{"line":21,"column":2},"end":{"line":29,"column":3}},"2":{"start":{"line":22,"column":4},"end":{"line":28,"column":7}},"3":{"start":{"line":31,"column":30},"end":{"line":31,"column":52}},"4":{"start":{"line":33,"column":2},"end":{"line":40,"column":3}},"5":{"start":{"line":34,"column":4},"end":{"line":39,"column":7}},"6":{"start":{"line":43,"column":20},"end":{"line":43,"column":37}},"7":{"start":{"line":44,"column":2},"end":{"line":58,"column":3}},"8":{"start":{"line":45,"column":16},"end":{"line":45,"column":51}},"9":{"start":{"line":46,"column":4},"end":{"line":46,"column":43}},"10":{"start":{"line":49,"column":4},"end":{"line":53,"column":5}},"11":{"start":{"line":50,"column":6},"end":{"line":50,"column":32}},"12":{"start":{"line":52,"column":6},"end":{"line":52,"column":38}},"13":{"start":{"line":54,"column":4},"end":{"line":57,"column":7}}},"fnMap":{"0":{"name":"handler","decl":{"start":{"line":19,"column":30},"end":{"line":19,"column":37}},"loc":{"start":{"line":19,"column":67},"end":{"line":59,"column":1}},"line":19}},"branchMap":{"0":{"loc":{"start":{"line":21,"column":2},"end":{"line":29,"column":3}},"type":"if","locations":[{"start":{"line":21,"column":2},"end":{"line":29,"column":3}},{"start":{"line":21,"column":2},"end":{"line":29,"column":3}}],"line":21},"1":{"loc":{"start":{"line":33,"column":2},"end":{"line":40,"column":3}},"type":"if","locations":[{"start":{"line":33,"column":2},"end":{"line":40,"column":3}},{"start":{"line":33,"column":2},"end":{"line":40,"column":3}}],"line":33},"2":{"loc":{"start":{"line":49,"column":4},"end":{"line":53,"column":5}},"type":"if","locations":[{"start":{"line":49,"column":4},"end":{"line":53,"column":5}},{"start":{"line":49,"column":4},"end":{"line":53,"column":5}}],"line":49}},"s":{"0":1,"1":5,"2":1,"3":4,"4":4,"5":1,"6":3,"7":3,"8":3,"9":1,"10":2,"11":1,"12":1,"13":2},"f":{"0":5},"b":{"0":[1,4],"1":[1,3],"2":[1,1]},"_coverageSchema":"1a1c01bbd47fc00a2c39e90264f33305004495a9","hash":"d865044e1b7f573dba6a878ea60a8acb2aaaf315"}
,"C:\\Users\\MATTH\\git\\backend\\src\\skill\\deleteSkillFn\\deleteSkill.ts": {"path":"C:\\Users\\MATTH\\git\\backend\\src\\skill\\deleteSkillFn\\deleteSkill.ts","statementMap":{"0":{"start":{"line":6,"column":13},"end":{"line":6,"column":65}},"1":{"start":{"line":16,"column":2},"end":{"line":21,"column":3}},"2":{"start":{"line":17,"column":4},"end":{"line":20,"column":6}},"3":{"start":{"line":22,"column":24},"end":{"line":22,"column":62}},"4":{"start":{"line":23,"column":2},"end":{"line":28,"column":3}},"5":{"start":{"line":24,"column":4},"end":{"line":27,"column":6}},"6":{"start":{"line":30,"column":20},"end":{"line":30,"column":27}},"7":{"start":{"line":32,"column":2},"end":{"line":46,"column":3}},"8":{"start":{"line":33,"column":16},"end":{"line":33,"column":51}},"9":{"start":{"line":34,"column":4},"end":{"line":34,"column":43}},"10":{"start":{"line":37,"column":4},"end":{"line":41,"column":5}},"11":{"start":{"line":38,"column":6},"end":{"line":38,"column":32}},"12":{"start":{"line":40,"column":6},"end":{"line":40,"column":38}},"13":{"start":{"line":42,"column":4},"end":{"line":45,"column":7}}},"fnMap":{"0":{"name":"handler","decl":{"start":{"line":14,"column":30},"end":{"line":14,"column":37}},"loc":{"start":{"line":14,"column":67},"end":{"line":47,"column":1}},"line":14}},"branchMap":{"0":{"loc":{"start":{"line":16,"column":2},"end":{"line":21,"column":3}},"type":"if","locations":[{"start":{"line":16,"column":2},"end":{"line":21,"column":3}},{"start":{"line":16,"column":2},"end":{"line":21,"column":3}}],"line":16},"1":{"loc":{"start":{"line":16,"column":8},"end":{"line":16,"column":60}},"type":"binary-expr","locations":[{"start":{"line":16,"column":8},"end":{"line":16,"column":28}},{"start":{"line":16,"column":32},"end":{"line":16,"column":60}}],"line":16},"2":{"loc":{"start":{"line":23,"column":2},"end":{"line":28,"column":3}},"type":"if","locations":[{"start":{"line":23,"column":2},"end":{"line":28,"column":3}},{"start":{"line":23,"column":2},"end":{"line":28,"column":3}}],"line":23},"3":{"loc":{"start":{"line":37,"column":4},"end":{"line":41,"column":5}},"type":"if","locations":[{"start":{"line":37,"column":4},"end":{"line":41,"column":5}},{"start":{"line":37,"column":4},"end":{"line":41,"column":5}}],"line":37}},"s":{"0":1,"1":5,"2":1,"3":4,"4":4,"5":1,"6":3,"7":3,"8":3,"9":1,"10":2,"11":1,"12":1,"13":2},"f":{"0":5},"b":{"0":[1,4],"1":[5,4],"2":[1,3],"3":[1,1]},"_coverageSchema":"1a1c01bbd47fc00a2c39e90264f33305004495a9","hash":"dfc4045ef5cbeed4fbd2cc4905a1bf8ceacaf157"}
,"C:\\Users\\MATTH\\git\\backend\\src\\skill\\getAllSkillsFn\\getAllSkills.ts": {"path":"C:\\Users\\MATTH\\git\\backend\\src\\skill\\getAllSkillsFn\\getAllSkills.ts","statementMap":{"0":{"start":{"line":5,"column":13},"end":{"line":5,"column":34}},"1":{"start":{"line":14,"column":2},"end":{"line":28,"column":3}},"2":{"start":{"line":15,"column":16},"end":{"line":15,"column":40}},"3":{"start":{"line":16,"column":4},"end":{"line":16,"column":43}},"4":{"start":{"line":19,"column":4},"end":{"line":23,"column":5}},"5":{"start":{"line":20,"column":6},"end":{"line":20,"column":32}},"6":{"start":{"line":22,"column":6},"end":{"line":22,"column":38}},"7":{"start":{"line":24,"column":4},"end":{"line":27,"column":7}}},"fnMap":{"0":{"name":"handler","decl":{"start":{"line":12,"column":30},"end":{"line":12,"column":37}},"loc":{"start":{"line":12,"column":40},"end":{"line":29,"column":1}},"line":12}},"branchMap":{"0":{"loc":{"start":{"line":19,"column":4},"end":{"line":23,"column":5}},"type":"if","locations":[{"start":{"line":19,"column":4},"end":{"line":23,"column":5}},{"start":{"line":19,"column":4},"end":{"line":23,"column":5}}],"line":19}},"s":{"0":1,"1":3,"2":3,"3":1,"4":2,"5":1,"6":1,"7":2},"f":{"0":3},"b":{"0":[1,1]},"_coverageSchema":"1a1c01bbd47fc00a2c39e90264f33305004495a9","hash":"452e1506959b3b63c5f6e97f050a33af12c5243e"}
,"C:\\Users\\MATTH\\git\\backend\\src\\skill\\getSkillByIdFn\\getSkillById.ts": {"path":"C:\\Users\\MATTH\\git\\backend\\src\\skill\\getSkillByIdFn\\getSkillById.ts","statementMap":{"0":{"start":{"line":6,"column":13},"end":{"line":6,"column":55}},"1":{"start":{"line":17,"column":2},"end":{"line":22,"column":3}},"2":{"start":{"line":18,"column":4},"end":{"line":21,"column":6}},"3":{"start":{"line":23,"column":24},"end":{"line":23,"column":62}},"4":{"start":{"line":24,"column":2},"end":{"line":29,"column":3}},"5":{"start":{"line":25,"column":4},"end":{"line":28,"column":6}},"6":{"start":{"line":32,"column":20},"end":{"line":32,"column":27}},"7":{"start":{"line":33,"column":2},"end":{"line":47,"column":3}},"8":{"start":{"line":34,"column":16},"end":{"line":34,"column":51}},"9":{"start":{"line":35,"column":4},"end":{"line":35,"column":43}},"10":{"start":{"line":38,"column":4},"end":{"line":42,"column":5}},"11":{"start":{"line":39,"column":6},"end":{"line":39,"column":32}},"12":{"start":{"line":41,"column":6},"end":{"line":41,"column":38}},"13":{"start":{"line":43,"column":4},"end":{"line":46,"column":7}}},"fnMap":{"0":{"name":"handler","decl":{"start":{"line":14,"column":30},"end":{"line":14,"column":37}},"loc":{"start":{"line":14,"column":67},"end":{"line":48,"column":1}},"line":14}},"branchMap":{"0":{"loc":{"start":{"line":17,"column":2},"end":{"line":22,"column":3}},"type":"if","locations":[{"start":{"line":17,"column":2},"end":{"line":22,"column":3}},{"start":{"line":17,"column":2},"end":{"line":22,"column":3}}],"line":17},"1":{"loc":{"start":{"line":17,"column":8},"end":{"line":17,"column":60}},"type":"binary-expr","locations":[{"start":{"line":17,"column":8},"end":{"line":17,"column":28}},{"start":{"line":17,"column":32},"end":{"line":17,"column":60}}],"line":17},"2":{"loc":{"start":{"line":24,"column":2},"end":{"line":29,"column":3}},"type":"if","locations":[{"start":{"line":24,"column":2},"end":{"line":29,"column":3}},{"start":{"line":24,"column":2},"end":{"line":29,"column":3}}],"line":24},"3":{"loc":{"start":{"line":38,"column":4},"end":{"line":42,"column":5}},"type":"if","locations":[{"start":{"line":38,"column":4},"end":{"line":42,"column":5}},{"start":{"line":38,"column":4},"end":{"line":42,"column":5}}],"line":38}},"s":{"0":1,"1":5,"2":1,"3":4,"4":4,"5":1,"6":3,"7":3,"8":3,"9":1,"10":2,"11":1,"12":1,"13":2},"f":{"0":5},"b":{"0":[1,4],"1":[5,4],"2":[1,3],"3":[1,1]},"_coverageSchema":"1a1c01bbd47fc00a2c39e90264f33305004495a9","hash":"4af06dca334d8e4a2a6fcf9375067f3bcd0b91b8"}
,"C:\\Users\\MATTH\\git\\backend\\src\\skill\\getSkillByNameFn\\getSkillByName.ts": {"path":"C:\\Users\\MATTH\\git\\backend\\src\\skill\\getSkillByNameFn\\getSkillByName.ts","statementMap":{"0":{"start":{"line":6,"column":13},"end":{"line":6,"column":57}},"1":{"start":{"line":17,"column":2},"end":{"line":22,"column":3}},"2":{"start":{"line":18,"column":4},"end":{"line":21,"column":6}},"3":{"start":{"line":23,"column":16},"end":{"line":23,"column":64}},"4":{"start":{"line":26,"column":2},"end":{"line":40,"column":3}},"5":{"start":{"line":27,"column":16},"end":{"line":27,"column":47}},"6":{"start":{"line":28,"column":4},"end":{"line":28,"column":43}},"7":{"start":{"line":31,"column":4},"end":{"line":35,"column":5}},"8":{"start":{"line":32,"column":6},"end":{"line":32,"column":32}},"9":{"start":{"line":34,"column":6},"end":{"line":34,"column":38}},"10":{"start":{"line":36,"column":4},"end":{"line":39,"column":7}}},"fnMap":{"0":{"name":"handler","decl":{"start":{"line":14,"column":30},"end":{"line":14,"column":37}},"loc":{"start":{"line":14,"column":67},"end":{"line":41,"column":1}},"line":14}},"branchMap":{"0":{"loc":{"start":{"line":17,"column":2},"end":{"line":22,"column":3}},"type":"if","locations":[{"start":{"line":17,"column":2},"end":{"line":22,"column":3}},{"start":{"line":17,"column":2},"end":{"line":22,"column":3}}],"line":17},"1":{"loc":{"start":{"line":17,"column":8},"end":{"line":17,"column":62}},"type":"binary-expr","locations":[{"start":{"line":17,"column":8},"end":{"line":17,"column":28}},{"start":{"line":17,"column":32},"end":{"line":17,"column":62}}],"line":17},"2":{"loc":{"start":{"line":31,"column":4},"end":{"line":35,"column":5}},"type":"if","locations":[{"start":{"line":31,"column":4},"end":{"line":35,"column":5}},{"start":{"line":31,"column":4},"end":{"line":35,"column":5}}],"line":31}},"s":{"0":1,"1":5,"2":2,"3":3,"4":3,"5":3,"6":1,"7":2,"8":1,"9":1,"10":2},"f":{"0":5},"b":{"0":[2,3],"1":[5,4],"2":[1,1]},"_coverageSchema":"1a1c01bbd47fc00a2c39e90264f33305004495a9","hash":"161a963183e1d3b480c973dc92e6d113fce6a73d"}
,"C:\\Users\\MATTH\\git\\backend\\src\\trainer\\createTrainerFn\\createTrainer.ts": {"path":"C:\\Users\\MATTH\\git\\backend\\src\\trainer\\createTrainerFn\\createTrainer.ts","statementMap":{"0":{"start":{"line":7,"column":2},"end":{"line":8,"column":36}},"1":{"start":{"line":26,"column":2},"end":{"line":35,"column":3}},"2":{"start":{"line":27,"column":4},"end":{"line":34,"column":7}},"3":{"start":{"line":36,"column":33},"end":{"line":36,"column":55}},"4":{"start":{"line":39,"column":2},"end":{"line":52,"column":3}},"5":{"start":{"line":44,"column":4},"end":{"line":51,"column":7}},"6":{"start":{"line":55,"column":22},"end":{"line":59,"column":3}},"7":{"start":{"line":62,"column":2},"end":{"line":76,"column":3}},"8":{"start":{"line":63,"column":16},"end":{"line":63,"column":53}},"9":{"start":{"line":64,"column":4},"end":{"line":64,"column":43}},"10":{"start":{"line":67,"column":4},"end":{"line":71,"column":5}},"11":{"start":{"line":68,"column":6},"end":{"line":68,"column":32}},"12":{"start":{"line":70,"column":6},"end":{"line":70,"column":38}},"13":{"start":{"line":72,"column":4},"end":{"line":75,"column":7}}},"fnMap":{"0":{"name":"handler","decl":{"start":{"line":24,"column":30},"end":{"line":24,"column":37}},"loc":{"start":{"line":24,"column":67},"end":{"line":77,"column":1}},"line":24}},"branchMap":{"0":{"loc":{"start":{"line":26,"column":2},"end":{"line":35,"column":3}},"type":"if","locations":[{"start":{"line":26,"column":2},"end":{"line":35,"column":3}},{"start":{"line":26,"column":2},"end":{"line":35,"column":3}}],"line":26},"1":{"loc":{"start":{"line":39,"column":2},"end":{"line":52,"column":3}},"type":"if","locations":[{"start":{"line":39,"column":2},"end":{"line":52,"column":3}},{"start":{"line":39,"column":2},"end":{"line":52,"column":3}}],"line":39},"2":{"loc":{"start":{"line":40,"column":4},"end":{"line":42,"column":42}},"type":"binary-expr","locations":[{"start":{"line":40,"column":4},"end":{"line":40,"column":36}},{"start":{"line":41,"column":4},"end":{"line":41,"column":43}},{"start":{"line":42,"column":4},"end":{"line":42,"column":42}}],"line":40},"3":{"loc":{"start":{"line":67,"column":4},"end":{"line":71,"column":5}},"type":"if","locations":[{"start":{"line":67,"column":4},"end":{"line":71,"column":5}},{"start":{"line":67,"column":4},"end":{"line":71,"column":5}}],"line":67}},"s":{"0":1,"1":5,"2":1,"3":4,"4":4,"5":1,"6":3,"7":3,"8":3,"9":1,"10":2,"11":1,"12":1,"13":2},"f":{"0":5},"b":{"0":[1,4],"1":[1,3],"2":[4,3,3],"3":[1,1]},"_coverageSchema":"1a1c01bbd47fc00a2c39e90264f33305004495a9","hash":"2d589c53e53f666b641cb78ec820cd304b2805ff"}
,"C:\\Users\\MATTH\\git\\backend\\src\\trainer\\deleteTrainerFn\\deleteTrainer.ts": {"path":"C:\\Users\\MATTH\\git\\backend\\src\\trainer\\deleteTrainerFn\\deleteTrainer.ts","statementMap":{"0":{"start":{"line":6,"column":13},"end":{"line":6,"column":69}},"1":{"start":{"line":17,"column":2},"end":{"line":22,"column":3}},"2":{"start":{"line":18,"column":4},"end":{"line":21,"column":6}},"3":{"start":{"line":23,"column":28},"end":{"line":23,"column":68}},"4":{"start":{"line":24,"column":2},"end":{"line":29,"column":3}},"5":{"start":{"line":25,"column":4},"end":{"line":28,"column":6}},"6":{"start":{"line":32,"column":2},"end":{"line":46,"column":3}},"7":{"start":{"line":33,"column":16},"end":{"line":33,"column":53}},"8":{"start":{"line":34,"column":4},"end":{"line":34,"column":43}},"9":{"start":{"line":37,"column":4},"end":{"line":41,"column":5}},"10":{"start":{"line":38,"column":6},"end":{"line":38,"column":32}},"11":{"start":{"line":40,"column":6},"end":{"line":40,"column":38}},"12":{"start":{"line":42,"column":4},"end":{"line":45,"column":7}}},"fnMap":{"0":{"name":"handler","decl":{"start":{"line":15,"column":30},"end":{"line":15,"column":37}},"loc":{"start":{"line":15,"column":67},"end":{"line":47,"column":1}},"line":15}},"branchMap":{"0":{"loc":{"start":{"line":17,"column":2},"end":{"line":22,"column":3}},"type":"if","locations":[{"start":{"line":17,"column":2},"end":{"line":22,"column":3}},{"start":{"line":17,"column":2},"end":{"line":22,"column":3}}],"line":17},"1":{"loc":{"start":{"line":17,"column":6},"end":{"line":17,"column":62}},"type":"binary-expr","locations":[{"start":{"line":17,"column":6},"end":{"line":17,"column":27}},{"start":{"line":17,"column":31},"end":{"line":17,"column":62}}],"line":17},"2":{"loc":{"start":{"line":24,"column":2},"end":{"line":29,"column":3}},"type":"if","locations":[{"start":{"line":24,"column":2},"end":{"line":29,"column":3}},{"start":{"line":24,"column":2},"end":{"line":29,"column":3}}],"line":24},"3":{"loc":{"start":{"line":37,"column":4},"end":{"line":41,"column":5}},"type":"if","locations":[{"start":{"line":37,"column":4},"end":{"line":41,"column":5}},{"start":{"line":37,"column":4},"end":{"line":41,"column":5}}],"line":37}},"s":{"0":1,"1":5,"2":1,"3":4,"4":4,"5":1,"6":3,"7":3,"8":1,"9":2,"10":1,"11":1,"12":2},"f":{"0":5},"b":{"0":[1,4],"1":[5,4],"2":[1,3],"3":[1,1]},"_coverageSchema":"1a1c01bbd47fc00a2c39e90264f33305004495a9","hash":"134ea59e6c99d14f3f1a1e9fbd25a0b2b5e8a5a4"}
,"C:\\Users\\MATTH\\git\\backend\\src\\trainer\\getAllTrainersFn\\getAllTrainers.ts": {"path":"C:\\Users\\MATTH\\git\\backend\\src\\trainer\\getAllTrainersFn\\getAllTrainers.ts","statementMap":{"0":{"start":{"line":5,"column":13},"end":{"line":5,"column":36}},"1":{"start":{"line":15,"column":2},"end":{"line":29,"column":3}},"2":{"start":{"line":16,"column":16},"end":{"line":16,"column":40}},"3":{"start":{"line":17,"column":4},"end":{"line":17,"column":43}},"4":{"start":{"line":20,"column":4},"end":{"line":24,"column":5}},"5":{"start":{"line":21,"column":6},"end":{"line":21,"column":32}},"6":{"start":{"line":23,"column":6},"end":{"line":23,"column":38}},"7":{"start":{"line":25,"column":4},"end":{"line":28,"column":7}}},"fnMap":{"0":{"name":"handler","decl":{"start":{"line":13,"column":30},"end":{"line":13,"column":37}},"loc":{"start":{"line":13,"column":40},"end":{"line":30,"column":1}},"line":13}},"branchMap":{"0":{"loc":{"start":{"line":20,"column":4},"end":{"line":24,"column":5}},"type":"if","locations":[{"start":{"line":20,"column":4},"end":{"line":24,"column":5}},{"start":{"line":20,"column":4},"end":{"line":24,"column":5}}],"line":20}},"s":{"0":1,"1":3,"2":3,"3":1,"4":2,"5":1,"6":1,"7":2},"f":{"0":3},"b":{"0":[1,1]},"_coverageSchema":"1a1c01bbd47fc00a2c39e90264f33305004495a9","hash":"d3a609db8b2f5f11aed9578e1d93383b611b39b7"}
,"C:\\Users\\MATTH\\git\\backend\\src\\trainer\\getTrainerByIdFn\\getTrainerById.ts": {"path":"C:\\Users\\MATTH\\git\\backend\\src\\trainer\\getTrainerByIdFn\\getTrainerById.ts","statementMap":{"0":{"start":{"line":6,"column":13},"end":{"line":6,"column":71}},"1":{"start":{"line":7,"column":24},"end":{"line":7,"column":79}},"2":{"start":{"line":18,"column":2},"end":{"line":20,"column":3}},"3":{"start":{"line":19,"column":4},"end":{"line":19,"column":55}},"4":{"start":{"line":21,"column":18},"end":{"line":21,"column":50}},"5":{"start":{"line":24,"column":2},"end":{"line":40,"column":3}},"6":{"start":{"line":25,"column":16},"end":{"line":25,"column":49}},"7":{"start":{"line":26,"column":28},"end":{"line":26,"column":74}},"8":{"start":{"line":27,"column":4},"end":{"line":27,"column":54}},"9":{"start":{"line":28,"column":4},"end":{"line":28,"column":43}},"10":{"start":{"line":31,"column":4},"end":{"line":35,"column":5}},"11":{"start":{"line":32,"column":6},"end":{"line":32,"column":32}},"12":{"start":{"line":34,"column":6},"end":{"line":34,"column":38}},"13":{"start":{"line":36,"column":4},"end":{"line":39,"column":7}}},"fnMap":{"0":{"name":"handler","decl":{"start":{"line":16,"column":30},"end":{"line":16,"column":37}},"loc":{"start":{"line":16,"column":67},"end":{"line":41,"column":1}},"line":16}},"branchMap":{"0":{"loc":{"start":{"line":18,"column":2},"end":{"line":20,"column":3}},"type":"if","locations":[{"start":{"line":18,"column":2},"end":{"line":20,"column":3}},{"start":{"line":18,"column":2},"end":{"line":20,"column":3}}],"line":18},"1":{"loc":{"start":{"line":18,"column":6},"end":{"line":18,"column":62}},"type":"binary-expr","locations":[{"start":{"line":18,"column":6},"end":{"line":18,"column":27}},{"start":{"line":18,"column":31},"end":{"line":18,"column":62}}],"line":18},"2":{"loc":{"start":{"line":31,"column":4},"end":{"line":35,"column":5}},"type":"if","locations":[{"start":{"line":31,"column":4},"end":{"line":35,"column":5}},{"start":{"line":31,"column":4},"end":{"line":35,"column":5}}],"line":31}},"s":{"0":1,"1":1,"2":4,"3":1,"4":3,"5":3,"6":3,"7":1,"8":1,"9":1,"10":2,"11":1,"12":1,"13":2},"f":{"0":4},"b":{"0":[1,3],"1":[4,3],"2":[1,1]},"_coverageSchema":"1a1c01bbd47fc00a2c39e90264f33305004495a9","hash":"82344db3a2e7397452288cf7e5c6b00c622bebde"}
,"C:\\Users\\MATTH\\git\\backend\\src\\trainer\\getTrainersByFirstNameFn\\getTrainersByFirstName.ts": {"path":"C:\\Users\\MATTH\\git\\backend\\src\\trainer\\getTrainersByFirstNameFn\\getTrainersByFirstName.ts","statementMap":{"0":{"start":{"line":6,"column":13},"end":{"line":6,"column":74}},"1":{"start":{"line":17,"column":2},"end":{"line":22,"column":3}},"2":{"start":{"line":18,"column":4},"end":{"line":21,"column":6}},"3":{"start":{"line":23,"column":18},"end":{"line":23,"column":50}},"4":{"start":{"line":26,"column":2},"end":{"line":40,"column":3}},"5":{"start":{"line":27,"column":16},"end":{"line":27,"column":49}},"6":{"start":{"line":28,"column":4},"end":{"line":28,"column":43}},"7":{"start":{"line":31,"column":4},"end":{"line":35,"column":5}},"8":{"start":{"line":32,"column":6},"end":{"line":32,"column":32}},"9":{"start":{"line":34,"column":6},"end":{"line":34,"column":38}},"10":{"start":{"line":36,"column":4},"end":{"line":39,"column":7}}},"fnMap":{"0":{"name":"handler","decl":{"start":{"line":15,"column":30},"end":{"line":15,"column":37}},"loc":{"start":{"line":15,"column":67},"end":{"line":41,"column":1}},"line":15}},"branchMap":{"0":{"loc":{"start":{"line":17,"column":2},"end":{"line":22,"column":3}},"type":"if","locations":[{"start":{"line":17,"column":2},"end":{"line":22,"column":3}},{"start":{"line":17,"column":2},"end":{"line":22,"column":3}}],"line":17},"1":{"loc":{"start":{"line":17,"column":6},"end":{"line":17,"column":65}},"type":"binary-expr","locations":[{"start":{"line":17,"column":6},"end":{"line":17,"column":27}},{"start":{"line":17,"column":31},"end":{"line":17,"column":65}}],"line":17},"2":{"loc":{"start":{"line":31,"column":4},"end":{"line":35,"column":5}},"type":"if","locations":[{"start":{"line":31,"column":4},"end":{"line":35,"column":5}},{"start":{"line":31,"column":4},"end":{"line":35,"column":5}}],"line":31}},"s":{"0":1,"1":4,"2":1,"3":3,"4":3,"5":3,"6":1,"7":2,"8":1,"9":1,"10":2},"f":{"0":4},"b":{"0":[1,3],"1":[4,3],"2":[1,1]},"_coverageSchema":"1a1c01bbd47fc00a2c39e90264f33305004495a9","hash":"d55db1b857baf9faacbec84f51dd0fc141bbb193"}
,"C:\\Users\\MATTH\\git\\backend\\src\\trainer\\getTrainersByLastNameFn\\getTrainersByLastName.ts": {"path":"C:\\Users\\MATTH\\git\\backend\\src\\trainer\\getTrainersByLastNameFn\\getTrainersByLastName.ts","statementMap":{"0":{"start":{"line":6,"column":13},"end":{"line":6,"column":73}},"1":{"start":{"line":17,"column":2},"end":{"line":22,"column":3}},"2":{"start":{"line":18,"column":4},"end":{"line":21,"column":6}},"3":{"start":{"line":23,"column":18},"end":{"line":23,"column":50}},"4":{"start":{"line":26,"column":2},"end":{"line":40,"column":3}},"5":{"start":{"line":27,"column":16},"end":{"line":27,"column":49}},"6":{"start":{"line":28,"column":4},"end":{"line":28,"column":43}},"7":{"start":{"line":31,"column":4},"end":{"line":35,"column":5}},"8":{"start":{"line":32,"column":6},"end":{"line":32,"column":32}},"9":{"start":{"line":34,"column":6},"end":{"line":34,"column":38}},"10":{"start":{"line":36,"column":4},"end":{"line":39,"column":7}}},"fnMap":{"0":{"name":"handler","decl":{"start":{"line":15,"column":30},"end":{"line":15,"column":37}},"loc":{"start":{"line":15,"column":67},"end":{"line":41,"column":1}},"line":15}},"branchMap":{"0":{"loc":{"start":{"line":17,"column":2},"end":{"line":22,"column":3}},"type":"if","locations":[{"start":{"line":17,"column":2},"end":{"line":22,"column":3}},{"start":{"line":17,"column":2},"end":{"line":22,"column":3}}],"line":17},"1":{"loc":{"start":{"line":17,"column":6},"end":{"line":17,"column":64}},"type":"binary-expr","locations":[{"start":{"line":17,"column":6},"end":{"line":17,"column":27}},{"start":{"line":17,"column":31},"end":{"line":17,"column":64}}],"line":17},"2":{"loc":{"start":{"line":31,"column":4},"end":{"line":35,"column":5}},"type":"if","locations":[{"start":{"line":31,"column":4},"end":{"line":35,"column":5}},{"start":{"line":31,"column":4},"end":{"line":35,"column":5}}],"line":31}},"s":{"0":1,"1":4,"2":1,"3":3,"4":3,"5":3,"6":1,"7":2,"8":1,"9":1,"10":2},"f":{"0":4},"b":{"0":[1,3],"1":[4,3],"2":[1,1]},"_coverageSchema":"1a1c01bbd47fc00a2c39e90264f33305004495a9","hash":"18fe4e1f4a86f8d711ad3aeb72ad07d8bb82083a"}
,"C:\\Users\\MATTH\\git\\backend\\src\\trainer\\updateTrainerFn\\updateTrainer.ts": {"path":"C:\\Users\\MATTH\\git\\backend\\src\\trainer\\updateTrainerFn\\updateTrainer.ts","statementMap":{"0":{"start":{"line":7,"column":2},"end":{"line":8,"column":36}},"1":{"start":{"line":10,"column":2},"end":{"line":12,"column":32}},"2":{"start":{"line":31,"column":2},"end":{"line":42,"column":3}},"3":{"start":{"line":32,"column":4},"end":{"line":41,"column":7}},"4":{"start":{"line":43,"column":33},"end":{"line":43,"column":55}},"5":{"start":{"line":46,"column":2},"end":{"line":63,"column":3}},"6":{"start":{"line":53,"column":4},"end":{"line":62,"column":7}},"7":{"start":{"line":66,"column":22},"end":{"line":71,"column":3}},"8":{"start":{"line":73,"column":2},"end":{"line":93,"column":3}},"9":{"start":{"line":74,"column":16},"end":{"line":74,"column":53}},"10":{"start":{"line":75,"column":4},"end":{"line":80,"column":5}},"11":{"start":{"line":76,"column":6},"end":{"line":79,"column":7}},"12":{"start":{"line":77,"column":26},"end":{"line":77,"column":51}},"13":{"start":{"line":78,"column":8},"end":{"line":78,"column":54}},"14":{"start":{"line":81,"column":4},"end":{"line":81,"column":43}},"15":{"start":{"line":84,"column":4},"end":{"line":88,"column":5}},"16":{"start":{"line":85,"column":6},"end":{"line":85,"column":32}},"17":{"start":{"line":87,"column":6},"end":{"line":87,"column":38}},"18":{"start":{"line":89,"column":4},"end":{"line":92,"column":7}}},"fnMap":{"0":{"name":"handler","decl":{"start":{"line":29,"column":30},"end":{"line":29,"column":37}},"loc":{"start":{"line":29,"column":67},"end":{"line":94,"column":1}},"line":29}},"branchMap":{"0":{"loc":{"start":{"line":31,"column":2},"end":{"line":42,"column":3}},"type":"if","locations":[{"start":{"line":31,"column":2},"end":{"line":42,"column":3}},{"start":{"line":31,"column":2},"end":{"line":42,"column":3}}],"line":31},"1":{"loc":{"start":{"line":46,"column":2},"end":{"line":63,"column":3}},"type":"if","locations":[{"start":{"line":46,"column":2},"end":{"line":63,"column":3}},{"start":{"line":46,"column":2},"end":{"line":63,"column":3}}],"line":46},"2":{"loc":{"start":{"line":47,"column":4},"end":{"line":51,"column":27}},"type":"binary-expr","locations":[{"start":{"line":47,"column":4},"end":{"line":47,"column":40}},{"start":{"line":48,"column":4},"end":{"line":48,"column":36}},{"start":{"line":49,"column":4},"end":{"line":49,"column":43}},{"start":{"line":50,"column":4},"end":{"line":50,"column":42}},{"start":{"line":51,"column":4},"end":{"line":51,"column":27}}],"line":47},"3":{"loc":{"start":{"line":75,"column":4},"end":{"line":80,"column":5}},"type":"if","locations":[{"start":{"line":75,"column":4},"end":{"line":80,"column":5}},{"start":{"line":75,"column":4},"end":{"line":80,"column":5}}],"line":75},"4":{"loc":{"start":{"line":84,"column":4},"end":{"line":88,"column":5}},"type":"if","locations":[{"start":{"line":84,"column":4},"end":{"line":88,"column":5}},{"start":{"line":84,"column":4},"end":{"line":88,"column":5}}],"line":84}},"s":{"0":1,"1":1,"2":5,"3":1,"4":4,"5":4,"6":1,"7":3,"8":3,"9":3,"10":1,"11":1,"12":2,"13":2,"14":1,"15":2,"16":1,"17":1,"18":2},"f":{"0":5},"b":{"0":[1,4],"1":[1,3],"2":[4,3,3,3,3],"3":[1,0],"4":[1,1]},"_coverageSchema":"1a1c01bbd47fc00a2c39e90264f33305004495a9","hash":"bee1c467e9dda808a6675805d0a3ca48e3b6d6ae"}
}
