TN:
SF:src\batch\confirmBatchFn\confirmBatch.ts
FN:30,handler
FNF:1
FNH:1
FNDA:10,handler
DA:10,1
DA:12,1
DA:13,1
DA:15,1
DA:18,1
DA:32,10
DA:33,4
DA:38,6
DA:41,6
DA:42,6
DA:43,6
DA:44,6
DA:45,6
DA:47,6
DA:49,5
DA:53,5
DA:56,5
DA:59,5
DA:62,5
DA:67,5
DA:72,5
DA:73,5
DA:74,4
DA:76,1
DA:85,5
DA:105,5
DA:106,5
DA:107,4
DA:109,1
DA:112,5
DA:114,1
LF:31
LH:31
BRDA:32,0,0,4
BRDA:32,0,1,6
BRDA:32,1,0,10
BRDA:32,1,1,7
BRDA:47,2,0,5
BRDA:47,2,1,1
BRDA:47,3,0,6
BRDA:47,3,1,6
BRF:8
BRH:8
end_of_record
TN:
SF:src\batch\createBatchFn\createBatch.ts
FN:28,handler
FNF:1
FNH:1
FNDA:5,handler
DA:7,1
DA:30,5
DA:31,1
DA:44,4
DA:47,4
DA:57,4
DA:65,1
DA:79,3
DA:80,3
DA:81,1
DA:84,2
DA:85,1
DA:87,1
DA:89,2
LF:14
LH:14
BRDA:30,0,0,1
BRDA:30,0,1,4
BRDA:57,1,0,1
BRDA:57,1,1,3
BRDA:58,2,0,4
BRDA:58,2,1,3
BRDA:58,2,2,3
BRDA:58,2,3,3
BRDA:58,2,4,3
BRDA:58,2,5,0
BRDA:58,2,6,3
BRDA:58,2,7,0
BRDA:84,3,0,1
BRDA:84,3,1,1
BRF:14
BRH:12
end_of_record
TN:
SF:src\batch\getAllBatchesFn\getAllBatches.ts
FN:13,handler
FNF:1
FNH:1
FNDA:3,handler
DA:5,1
DA:16,3
DA:17,3
DA:18,1
DA:21,2
DA:22,1
DA:24,1
DA:26,2
LF:8
LH:8
BRDA:21,0,0,1
BRDA:21,0,1,1
BRF:2
BRH:2
end_of_record
TN:
SF:src\batch\getBatchByIdFn\getBatchById.ts
FN:14,handler
FNF:1
FNH:1
FNDA:5,handler
DA:6,1
DA:16,5
DA:17,1
DA:22,4
DA:25,4
DA:26,4
DA:27,1
DA:34,3
DA:35,3
DA:36,1
DA:39,2
DA:40,1
DA:42,1
DA:44,2
LF:14
LH:14
BRDA:16,0,0,1
BRDA:16,0,1,4
BRDA:16,1,0,5
BRDA:16,1,1,4
BRDA:26,2,0,1
BRDA:26,2,1,3
BRDA:39,3,0,1
BRDA:39,3,1,1
BRF:8
BRH:8
end_of_record
TN:
SF:src\batch\getBatchesByCurriculumFn\getBatchesByCurriculum.ts
FN:14,handler
FNF:1
FNH:1
FNDA:5,handler
DA:6,1
DA:17,5
DA:18,1
DA:23,4
DA:26,4
DA:27,1
DA:33,3
DA:35,3
DA:36,3
DA:37,1
DA:40,2
DA:41,1
DA:43,1
DA:45,2
LF:14
LH:14
BRDA:17,0,0,1
BRDA:17,0,1,4
BRDA:17,1,0,5
BRDA:17,1,1,4
BRDA:26,2,0,1
BRDA:26,2,1,3
BRDA:40,3,0,1
BRDA:40,3,1,1
BRF:8
BRH:8
end_of_record
TN:
SF:src\batch\getBatchesByTrainerFn\getBatchesByTrainer.ts
FN:14,handler
FNF:1
FNH:1
FNDA:5,handler
DA:6,1
DA:17,5
DA:18,1
DA:23,4
DA:26,4
DA:27,1
DA:33,3
DA:35,3
DA:36,3
DA:37,1
DA:40,2
DA:41,1
DA:43,1
DA:45,2
LF:14
LH:14
BRDA:17,0,0,1
BRDA:17,0,1,4
BRDA:17,1,0,5
BRDA:17,1,1,4
BRDA:26,2,0,1
BRDA:26,2,1,3
BRDA:40,3,0,1
BRDA:40,3,1,1
BRF:8
BRH:8
end_of_record
TN:
SF:src\batch\removeBatchFn\removeBatch.ts
FN:14,handler
FNF:1
FNH:1
FNDA:5,handler
DA:6,1
DA:16,5
DA:17,1
DA:22,4
DA:25,4
DA:26,1
DA:32,3
DA:33,3
DA:34,1
DA:37,2
DA:38,1
DA:40,1
DA:42,2
LF:13
LH:13
BRDA:16,0,0,1
BRDA:16,0,1,4
BRDA:16,1,0,5
BRDA:16,1,1,4
BRDA:25,2,0,1
BRDA:25,2,1,3
BRDA:37,3,0,1
BRDA:37,3,1,1
BRF:8
BRH:8
end_of_record
TN:
SF:src\batch\updateBatchFn\updateBatch.ts
FN:29,handler
FNF:1
FNH:1
FNDA:5,handler
DA:7,1
DA:31,5
DA:32,1
DA:46,4
DA:49,4
DA:58,1
DA:73,3
DA:84,3
DA:85,3
DA:86,1
DA:89,2
DA:90,1
DA:92,1
DA:94,2
LF:14
LH:14
BRDA:31,0,0,1
BRDA:31,0,1,4
BRDA:49,1,0,1
BRDA:49,1,1,3
BRDA:50,2,0,4
BRDA:50,2,1,3
BRDA:50,2,2,3
BRDA:50,2,3,3
BRDA:50,2,4,3
BRDA:50,2,5,3
BRDA:50,2,6,3
BRDA:89,3,0,1
BRDA:89,3,1,1
BRF:13
BRH:13
end_of_record
TN:
SF:src\client\addClientFn\addClient.ts
FN:20,handler
FNF:1
FNH:1
FNDA:4,handler
DA:6,1
DA:22,4
DA:23,1
DA:31,3
DA:33,3
DA:34,1
DA:43,2
DA:44,2
DA:45,2
DA:46,1
DA:48,1
LF:11
LH:11
BRDA:22,0,0,1
BRDA:22,0,1,3
BRDA:33,1,0,1
BRDA:33,1,1,2
BRF:4
BRH:4
end_of_record
TN:
SF:src\client\getAllClientsFn\getAllClients.ts
FN:12,handler
FNF:1
FNH:1
FNDA:2,handler
DA:5,1
DA:14,2
DA:15,2
DA:16,1
DA:18,1
LF:5
LH:5
BRF:0
BRH:0
end_of_record
TN:
SF:src\client\getClientByNameFn\getClientByName.ts
FN:15,handler
FNF:1
FNH:1
FNDA:3,handler
DA:6,1
DA:17,3
DA:18,1
DA:22,2
DA:25,2
DA:26,2
DA:27,1
DA:29,1
LF:8
LH:8
BRDA:17,0,0,1
BRDA:17,0,1,2
BRDA:17,1,0,3
BRDA:17,1,1,2
BRF:4
BRH:4
end_of_record
TN:
SF:src\client\getClientFn\getClient.ts
FN:15,handler
FNF:1
FNH:1
FNDA:4,handler
DA:6,1
DA:17,4
DA:18,1
DA:22,3
DA:23,3
DA:24,1
DA:30,2
DA:31,2
DA:32,1
DA:34,1
LF:10
LH:10
BRDA:17,0,0,1
BRDA:17,0,1,3
BRDA:17,1,0,4
BRDA:17,1,1,3
BRDA:23,2,0,1
BRDA:23,2,1,2
BRF:6
BRH:6
end_of_record
TN:
SF:src\curriculum\deleteCurriculumFn\deleteCurriculum.ts
FN:14,handler
FNF:1
FNH:1
FNDA:5,handler
DA:6,1
DA:16,5
DA:17,1
DA:22,4
DA:23,4
DA:24,1
DA:31,3
DA:32,3
DA:33,1
DA:36,2
DA:37,1
DA:39,1
DA:41,2
LF:13
LH:13
BRDA:16,0,0,1
BRDA:16,0,1,4
BRDA:16,1,0,5
BRDA:16,1,1,4
BRDA:23,2,0,1
BRDA:23,2,1,3
BRDA:36,3,0,1
BRDA:36,3,1,1
BRF:8
BRH:8
end_of_record
TN:
SF:src\curriculum\getAllCurriculaFn\getAllCurricula.ts
FN:12,handler
FNF:1
FNH:1
FNDA:3,handler
DA:5,1
DA:14,3
DA:15,3
DA:16,1
DA:19,2
DA:20,1
DA:22,1
DA:24,2
LF:8
LH:8
BRDA:19,0,0,1
BRDA:19,0,1,1
BRF:2
BRH:2
end_of_record
TN:
SF:src\curriculum\getCurriculumFn\getCurriculum.ts
FN:15,handler
FNF:1
FNH:1
FNDA:5,handler
DA:6,1
DA:7,1
DA:17,5
DA:18,1
DA:23,4
DA:24,4
DA:25,1
DA:32,3
DA:33,3
DA:34,1
DA:35,1
DA:36,1
DA:39,2
DA:40,1
DA:42,1
DA:44,2
LF:16
LH:16
BRDA:17,0,0,1
BRDA:17,0,1,4
BRDA:17,1,0,5
BRDA:17,1,1,4
BRDA:24,2,0,1
BRDA:24,2,1,3
BRDA:39,3,0,1
BRDA:39,3,1,1
BRF:8
BRH:8
end_of_record
TN:
SF:src\curriculum\insertCurriculumFn\insertCurriculum.ts
FN:28,handler
FNF:1
FNH:1
FNDA:5,handler
DA:7,1
DA:11,1
DA:30,5
DA:31,1
DA:42,4
DA:45,4
DA:51,1
DA:63,3
DA:72,3
DA:73,3
DA:74,1
DA:75,1
DA:77,1
DA:78,3
DA:79,3
DA:82,1
DA:85,2
DA:86,1
DA:88,1
DA:90,2
LF:20
LH:20
BRDA:30,0,0,1
BRDA:30,0,1,4
BRDA:45,1,0,1
BRDA:45,1,1,3
BRDA:46,2,0,4
BRDA:46,2,1,3
BRDA:46,2,2,3
BRDA:46,2,3,3
BRDA:74,3,0,1
BRDA:74,3,1,0
BRDA:85,4,0,1
BRDA:85,4,1,1
BRF:12
BRH:11
end_of_record
TN:
SF:src\demand\createDemandFn\createDemand.ts
FN:23,handler
FNF:1
FNH:1
FNDA:5,handler
DA:7,1
DA:25,5
DA:26,1
DA:37,4
DA:39,4
DA:45,1
DA:57,3
DA:65,3
DA:66,3
DA:67,1
DA:70,2
DA:71,1
DA:73,1
DA:75,2
LF:14
LH:14
BRDA:25,0,0,1
BRDA:25,0,1,4
BRDA:39,1,0,1
BRDA:39,1,1,3
BRDA:40,2,0,4
BRDA:40,2,1,3
BRDA:40,2,2,3
BRDA:40,2,3,3
BRDA:70,3,0,1
BRDA:70,3,1,1
BRF:10
BRH:10
end_of_record
TN:
SF:src\demand\getAllDemandsFn\getAllDemands.ts
FN:13,handler
FNF:1
FNH:1
FNDA:3,handler
DA:5,1
DA:15,3
DA:16,3
DA:17,1
DA:20,2
DA:21,1
DA:23,1
DA:25,2
LF:8
LH:8
BRDA:20,0,0,1
BRDA:20,0,1,1
BRF:2
BRH:2
end_of_record
TN:
SF:src\demand\getDemandByCurriculumFn\getDemandByCurriculum.ts
FN:23,handler
FNF:1
FNH:1
FNDA:7,handler
DA:6,1
DA:7,1
DA:26,7
DA:27,1
DA:34,6
DA:35,1
DA:39,5
DA:40,1
DA:46,4
DA:51,4
DA:55,4
DA:56,1
DA:58,3
DA:62,4
DA:63,4
DA:64,2
DA:67,2
DA:68,1
DA:70,1
DA:72,2
LF:20
LH:20
BRDA:26,0,0,1
BRDA:26,0,1,6
BRDA:26,1,0,7
BRDA:26,1,1,6
BRDA:34,2,0,1
BRDA:34,2,1,5
BRDA:34,3,0,6
BRDA:34,3,1,4
BRDA:39,4,0,1
BRDA:39,4,1,4
BRDA:39,5,0,5
BRDA:39,5,1,2
BRDA:55,6,0,1
BRDA:55,6,1,3
BRDA:55,7,0,4
BRDA:55,7,1,1
BRDA:67,8,0,1
BRDA:67,8,1,1
BRF:18
BRH:18
end_of_record
TN:
SF:src\demand\getDemandByDateFn\getDemandByDate.ts
FN:15,handler
FNF:1
FNH:1
FNDA:4,handler
DA:6,1
DA:17,4
DA:22,1
DA:28,3
DA:29,3
DA:30,3
DA:32,3
DA:33,3
DA:34,1
DA:37,2
DA:38,1
DA:40,1
DA:42,2
LF:13
LH:13
BRDA:17,0,0,1
BRDA:17,0,1,3
BRDA:18,1,0,4
BRDA:18,1,1,3
BRDA:18,1,2,3
BRDA:37,2,0,1
BRDA:37,2,1,1
BRF:7
BRH:7
end_of_record
TN:
SF:src\demand\getDemandByIdFn\getDemandById.ts
FN:15,handler
FNF:1
FNH:1
FNDA:4,handler
DA:6,1
DA:18,4
DA:19,1
DA:24,3
DA:27,3
DA:28,3
DA:29,1
DA:32,2
DA:33,1
DA:35,1
DA:37,2
LF:11
LH:11
BRDA:18,0,0,1
BRDA:18,0,1,3
BRDA:18,1,0,4
BRDA:18,1,1,3
BRDA:32,2,0,1
BRDA:32,2,1,1
BRF:6
BRH:6
end_of_record
TN:
SF:src\demand\getDemandsByClientFn\getDemandsByClient.ts
FN:15,handler
FNF:1
FNH:1
FNDA:4,handler
DA:6,1
DA:18,4
DA:19,1
DA:24,3
DA:27,3
DA:28,3
DA:29,1
DA:32,2
DA:33,1
DA:35,1
DA:37,2
LF:11
LH:11
BRDA:18,0,0,1
BRDA:18,0,1,3
BRDA:18,1,0,4
BRDA:18,1,1,3
BRDA:32,2,0,1
BRDA:32,2,1,1
BRF:6
BRH:6
end_of_record
TN:
SF:src\global\mockTable.ts
FNF:0
FNH:0
DA:1,15
DA:11,15
DA:20,15
DA:27,15
DA:33,15
DA:38,15
DA:43,15
DA:51,15
DA:62,15
LF:9
LH:9
BRF:0
BRH:0
end_of_record
TN:
SF:src\global\objects.ts
FN:6,(anonymous_0)
FNF:1
FNH:1
FNDA:157,(anonymous_0)
DA:7,157
DA:8,157
DA:9,157
LF:3
LH:3
BRF:0
BRH:0
end_of_record
TN:
SF:src\global\postgres.ts
FNF:0
FNH:0
DA:3,34
DA:10,34
LF:2
LH:2
BRF:0
BRH:0
end_of_record
TN:
SF:src\global\sesClient.ts
FNF:0
FNH:0
DA:3,1
LF:1
LH:1
BRF:0
BRH:0
end_of_record
TN:
SF:src\global\snsClient.ts
FNF:0
FNH:0
DA:3,1
LF:1
LH:1
BRF:0
BRH:0
end_of_record
TN:
SF:src\init\init.ts
FN:12,handler
FNF:1
FNH:1
FNDA:3,handler
DA:14,3
DA:17,3
DA:20,3
DA:21,0
DA:22,0
DA:26,0
DA:27,0
DA:34,3
DA:35,3
DA:39,1
DA:40,1
DA:46,2
DA:47,0
DA:48,0
DA:52,0
DA:53,0
DA:60,2
DA:61,2
DA:63,1
DA:64,1
DA:70,1
LF:21
LH:13
BRDA:14,0,0,3
BRDA:14,0,1,3
BRDA:20,1,0,0
BRDA:20,1,1,3
BRDA:46,2,0,0
BRDA:46,2,1,2
BRF:6
BRH:4
end_of_record
TN:
SF:src\skill\createSkillFn\createSkill.ts
FN:19,handler
FNF:1
FNH:1
FNDA:5,handler
DA:6,1
DA:21,5
DA:22,1
DA:31,4
DA:33,4
DA:34,1
DA:43,3
DA:44,3
DA:45,3
DA:46,1
DA:49,2
DA:50,1
DA:52,1
DA:54,2
LF:14
LH:14
BRDA:21,0,0,1
BRDA:21,0,1,4
BRDA:33,1,0,1
BRDA:33,1,1,3
BRDA:49,2,0,1
BRDA:49,2,1,1
BRF:6
BRH:6
end_of_record
TN:
SF:src\skill\deleteSkillFn\deleteSkill.ts
FN:14,handler
FNF:1
FNH:1
FNDA:5,handler
DA:6,1
DA:16,5
DA:17,1
DA:22,4
DA:23,4
DA:24,1
DA:30,3
DA:32,3
DA:33,3
DA:34,1
DA:37,2
DA:38,1
DA:40,1
DA:42,2
LF:14
LH:14
BRDA:16,0,0,1
BRDA:16,0,1,4
BRDA:16,1,0,5
BRDA:16,1,1,4
BRDA:23,2,0,1
BRDA:23,2,1,3
BRDA:37,3,0,1
BRDA:37,3,1,1
BRF:8
BRH:8
end_of_record
TN:
SF:src\skill\getAllSkillsFn\getAllSkills.ts
FN:12,handler
FNF:1
FNH:1
FNDA:3,handler
DA:5,1
DA:14,3
DA:15,3
DA:16,1
DA:19,2
DA:20,1
DA:22,1
DA:24,2
LF:8
LH:8
BRDA:19,0,0,1
BRDA:19,0,1,1
BRF:2
BRH:2
end_of_record
TN:
SF:src\skill\getSkillByIdFn\getSkillById.ts
FN:14,handler
FNF:1
FNH:1
FNDA:5,handler
DA:6,1
DA:17,5
DA:18,1
DA:23,4
DA:24,4
DA:25,1
DA:32,3
DA:33,3
DA:34,3
DA:35,1
DA:38,2
DA:39,1
DA:41,1
DA:43,2
LF:14
LH:14
BRDA:17,0,0,1
BRDA:17,0,1,4
BRDA:17,1,0,5
BRDA:17,1,1,4
BRDA:24,2,0,1
BRDA:24,2,1,3
BRDA:38,3,0,1
BRDA:38,3,1,1
BRF:8
BRH:8
end_of_record
TN:
SF:src\skill\getSkillByNameFn\getSkillByName.ts
FN:14,handler
FNF:1
FNH:1
FNDA:5,handler
DA:6,1
DA:17,5
DA:18,2
DA:23,3
DA:26,3
DA:27,3
DA:28,1
DA:31,2
DA:32,1
DA:34,1
DA:36,2
LF:11
LH:11
BRDA:17,0,0,2
BRDA:17,0,1,3
BRDA:17,1,0,5
BRDA:17,1,1,4
BRDA:31,2,0,1
BRDA:31,2,1,1
BRF:6
BRH:6
end_of_record
TN:
SF:src\trainer\createTrainerFn\createTrainer.ts
FN:24,handler
FNF:1
FNH:1
FNDA:5,handler
DA:7,1
DA:26,5
DA:27,1
DA:36,4
DA:39,4
DA:44,1
DA:55,3
DA:62,3
DA:63,3
DA:64,1
DA:67,2
DA:68,1
DA:70,1
DA:72,2
LF:14
LH:14
BRDA:26,0,0,1
BRDA:26,0,1,4
BRDA:39,1,0,1
BRDA:39,1,1,3
BRDA:40,2,0,4
BRDA:40,2,1,3
BRDA:40,2,2,3
BRDA:67,3,0,1
BRDA:67,3,1,1
BRF:9
BRH:9
end_of_record
TN:
SF:src\trainer\deleteTrainerFn\deleteTrainer.ts
FN:15,handler
FNF:1
FNH:1
FNDA:5,handler
DA:6,1
DA:17,5
DA:18,1
DA:23,4
DA:24,4
DA:25,1
DA:32,3
DA:33,3
DA:34,1
DA:37,2
DA:38,1
DA:40,1
DA:42,2
LF:13
LH:13
BRDA:17,0,0,1
BRDA:17,0,1,4
BRDA:17,1,0,5
BRDA:17,1,1,4
BRDA:24,2,0,1
BRDA:24,2,1,3
BRDA:37,3,0,1
BRDA:37,3,1,1
BRF:8
BRH:8
end_of_record
TN:
SF:src\trainer\getAllTrainersFn\getAllTrainers.ts
FN:13,handler
FNF:1
FNH:1
FNDA:3,handler
DA:5,1
DA:15,3
DA:16,3
DA:17,1
DA:20,2
DA:21,1
DA:23,1
DA:25,2
LF:8
LH:8
BRDA:20,0,0,1
BRDA:20,0,1,1
BRF:2
BRH:2
end_of_record
TN:
SF:src\trainer\getTrainerByIdFn\getTrainerById.ts
FN:16,handler
FNF:1
FNH:1
FNDA:4,handler
DA:6,1
DA:7,1
DA:18,4
DA:19,1
DA:21,3
DA:24,3
DA:25,3
DA:26,1
DA:27,1
DA:28,1
DA:31,2
DA:32,1
DA:34,1
DA:36,2
LF:14
LH:14
BRDA:18,0,0,1
BRDA:18,0,1,3
BRDA:18,1,0,4
BRDA:18,1,1,3
BRDA:31,2,0,1
BRDA:31,2,1,1
BRF:6
BRH:6
end_of_record
TN:
SF:src\trainer\getTrainersByFirstNameFn\getTrainersByFirstName.ts
FN:15,handler
FNF:1
FNH:1
FNDA:4,handler
DA:6,1
DA:17,4
DA:18,1
DA:23,3
DA:26,3
DA:27,3
DA:28,1
DA:31,2
DA:32,1
DA:34,1
DA:36,2
LF:11
LH:11
BRDA:17,0,0,1
BRDA:17,0,1,3
BRDA:17,1,0,4
BRDA:17,1,1,3
BRDA:31,2,0,1
BRDA:31,2,1,1
BRF:6
BRH:6
end_of_record
TN:
SF:src\trainer\getTrainersByLastNameFn\getTrainersByLastName.ts
FN:15,handler
FNF:1
FNH:1
FNDA:4,handler
DA:6,1
DA:17,4
DA:18,1
DA:23,3
DA:26,3
DA:27,3
DA:28,1
DA:31,2
DA:32,1
DA:34,1
DA:36,2
LF:11
LH:11
BRDA:17,0,0,1
BRDA:17,0,1,3
BRDA:17,1,0,4
BRDA:17,1,1,3
BRDA:31,2,0,1
BRDA:31,2,1,1
BRF:6
BRH:6
end_of_record
TN:
SF:src\trainer\updateTrainerFn\updateTrainer.ts
FN:29,handler
FNF:1
FNH:1
FNDA:5,handler
DA:7,1
DA:10,1
DA:31,5
DA:32,1
DA:43,4
DA:46,4
DA:53,1
DA:66,3
DA:73,3
DA:74,3
DA:75,1
DA:76,1
DA:77,2
DA:78,2
DA:81,1
DA:84,2
DA:85,1
DA:87,1
DA:89,2
LF:19
LH:19
BRDA:31,0,0,1
BRDA:31,0,1,4
BRDA:46,1,0,1
BRDA:46,1,1,3
BRDA:47,2,0,4
BRDA:47,2,1,3
BRDA:47,2,2,3
BRDA:47,2,3,3
BRDA:47,2,4,3
BRDA:75,3,0,1
BRDA:75,3,1,0
BRDA:84,4,0,1
BRDA:84,4,1,1
BRF:13
BRH:12
end_of_record
